
10:59:43 AM
Error :unsuccessful metadata update
ALTER TABLE AUTOINSERT failed
violation of PRIMARY or UNIQUE KEY constraint "RDB$INDEX_15" on table "RDB$RELATION_FIELDS"
Problematic key value is ("RDB$FIELD_NAME" = 'ISMUXED', "RDB$RELATION_NAME" = 'AUTOINSERT')
-------------------------------

10:59:43 AM
Error :unsuccessful metadata update
ALTER TABLE AUTOINSERT failed
violation of PRIMARY or UNIQUE KEY constraint "RDB$INDEX_15" on table "RDB$RELATION_FIELDS"
Problematic key value is ("RDB$FIELD_NAME" = 'MUXDATA', "RDB$RELATION_NAME" = 'AUTOINSERT')
-------------------------------

10:59:44 AM
Error :unsuccessful metadata update
ALTER TABLE AUTOINSERTHISTORY failed
violation of PRIMARY or UNIQUE KEY constraint "RDB$INDEX_15" on table "RDB$RELATION_FIELDS"
Problematic key value is ("RDB$FIELD_NAME" = 'ISMUXED', "RDB$RELATION_NAME" = 'AUTOINSERTHISTORY')
-------------------------------

10:59:44 AM
Error :unsuccessful metadata update
ALTER TABLE AUTOINSERTHISTORY failed
violation of PRIMARY or UNIQUE KEY constraint "RDB$INDEX_15" on table "RDB$RELATION_FIELDS"
Problematic key value is ("RDB$FIELD_NAME" = 'MUXDATA', "RDB$RELATION_NAME" = 'AUTOINSERTHISTORY')
-------------------------------

10:59:44 AM
Error :Dynamic SQL Error
SQL error code = -104
Token unknown - line 1, column 105
BIGINT
-------------------------------

10:59:45 AM
Error :The parameter is incorrect. : 'D:\shorts\VLINE Southern Cross To Ballarat 180824 (shorts).mp4'
-------------------------------

10:59:45 AM
Error :Dynamic SQL Error
SQL error code = -204
Table unknown
PLANINGCUTS
At line 1, column 15
-------------------------------

10:59:45 AM
Error :An invalid connection string argument has been supplied or a required connection string argument has not been supplied.
-------------------------------

11:00:39 AM
Error :unsuccessful metadata update
ALTER TABLE AUTOINSERT failed
violation of PRIMARY or UNIQUE KEY constraint "RDB$INDEX_15" on table "RDB$RELATION_FIELDS"
Problematic key value is ("RDB$FIELD_NAME" = 'ISMUXED', "RDB$RELATION_NAME" = 'AUTOINSERT')
-------------------------------

11:00:39 AM
Error :unsuccessful metadata update
ALTER TABLE AUTOINSERT failed
violation of PRIMARY or UNIQUE KEY constraint "RDB$INDEX_15" on table "RDB$RELATION_FIELDS"
Problematic key value is ("RDB$FIELD_NAME" = 'MUXDATA', "RDB$RELATION_NAME" = 'AUTOINSERT')
-------------------------------

11:00:39 AM
Error :unsuccessful metadata update
ALTER TABLE AUTOINSERTHISTORY failed
violation of PRIMARY or UNIQUE KEY constraint "RDB$INDEX_15" on table "RDB$RELATION_FIELDS"
Problematic key value is ("RDB$FIELD_NAME" = 'ISMUXED', "RDB$RELATION_NAME" = 'AUTOINSERTHISTORY')
-------------------------------

11:00:40 AM
Error :unsuccessful metadata update
ALTER TABLE AUTOINSERTHISTORY failed
violation of PRIMARY or UNIQUE KEY constraint "RDB$INDEX_15" on table "RDB$RELATION_FIELDS"
Problematic key value is ("RDB$FIELD_NAME" = 'MUXDATA', "RDB$RELATION_NAME" = 'AUTOINSERTHISTORY')
-------------------------------

11:00:40 AM
Error :Dynamic SQL Error
SQL error code = -104
Token unknown - line 1, column 105
BIGINT
-------------------------------

11:00:40 AM
Error :The parameter is incorrect. : 'D:\shorts\VLINE Southern Cross To Ballarat 180824 (shorts).mp4'
-------------------------------

11:00:41 AM
Error :Dynamic SQL Error
SQL error code = -204
Table unknown
PLANINGCUTS
At line 1, column 15
-------------------------------

11:00:41 AM
Error :An invalid connection string argument has been supplied or a required connection string argument has not been supplied.
-------------------------------

11:01:33 AM
Error :unsuccessful metadata update
ALTER TABLE AUTOINSERT failed
violation of PRIMARY or UNIQUE KEY constraint "RDB$INDEX_15" on table "RDB$RELATION_FIELDS"
Problematic key value is ("RDB$FIELD_NAME" = 'ISMUXED', "RDB$RELATION_NAME" = 'AUTOINSERT')
-------------------------------

11:01:34 AM
Error :unsuccessful metadata update
ALTER TABLE AUTOINSERT failed
violation of PRIMARY or UNIQUE KEY constraint "RDB$INDEX_15" on table "RDB$RELATION_FIELDS"
Problematic key value is ("RDB$FIELD_NAME" = 'MUXDATA', "RDB$RELATION_NAME" = 'AUTOINSERT')
-------------------------------

11:01:34 AM
Error :unsuccessful metadata update
ALTER TABLE AUTOINSERTHISTORY failed
violation of PRIMARY or UNIQUE KEY constraint "RDB$INDEX_15" on table "RDB$RELATION_FIELDS"
Problematic key value is ("RDB$FIELD_NAME" = 'ISMUXED', "RDB$RELATION_NAME" = 'AUTOINSERTHISTORY')
-------------------------------

11:01:34 AM
Error :unsuccessful metadata update
ALTER TABLE AUTOINSERTHISTORY failed
violation of PRIMARY or UNIQUE KEY constraint "RDB$INDEX_15" on table "RDB$RELATION_FIELDS"
Problematic key value is ("RDB$FIELD_NAME" = 'MUXDATA', "RDB$RELATION_NAME" = 'AUTOINSERTHISTORY')
-------------------------------

11:01:35 AM
Error :Dynamic SQL Error
SQL error code = -104
Token unknown - line 1, column 105
BIGINT
-------------------------------

11:01:35 AM
Error :The parameter is incorrect. : 'D:\shorts\VLINE Southern Cross To Ballarat 180824 (shorts).mp4'
-------------------------------

11:01:35 AM
Error :Dynamic SQL Error
SQL error code = -204
Table unknown
PLANINGCUTS
At line 1, column 15
-------------------------------

11:01:35 AM
Error :An invalid connection string argument has been supplied or a required connection string argument has not been supplied.
-------------------------------

11:03:48 AM
Error :unsuccessful metadata update
ALTER TABLE AUTOINSERT failed
violation of PRIMARY or UNIQUE KEY constraint "RDB$INDEX_15" on table "RDB$RELATION_FIELDS"
Problematic key value is ("RDB$FIELD_NAME" = 'ISMUXED', "RDB$RELATION_NAME" = 'AUTOINSERT')
-------------------------------

11:03:48 AM
Error :unsuccessful metadata update
ALTER TABLE AUTOINSERT failed
violation of PRIMARY or UNIQUE KEY constraint "RDB$INDEX_15" on table "RDB$RELATION_FIELDS"
Problematic key value is ("RDB$FIELD_NAME" = 'MUXDATA', "RDB$RELATION_NAME" = 'AUTOINSERT')
-------------------------------

11:03:48 AM
Error :unsuccessful metadata update
ALTER TABLE AUTOINSERTHISTORY failed
violation of PRIMARY or UNIQUE KEY constraint "RDB$INDEX_15" on table "RDB$RELATION_FIELDS"
Problematic key value is ("RDB$FIELD_NAME" = 'ISMUXED', "RDB$RELATION_NAME" = 'AUTOINSERTHISTORY')
-------------------------------

11:03:49 AM
Error :unsuccessful metadata update
ALTER TABLE AUTOINSERTHISTORY failed
violation of PRIMARY or UNIQUE KEY constraint "RDB$INDEX_15" on table "RDB$RELATION_FIELDS"
Problematic key value is ("RDB$FIELD_NAME" = 'MUXDATA', "RDB$RELATION_NAME" = 'AUTOINSERTHISTORY')
-------------------------------

11:03:49 AM
Error :Dynamic SQL Error
SQL error code = -104
Token unknown - line 1, column 105
BIGINT
-------------------------------

11:03:49 AM
Error :The parameter is incorrect. : 'D:\shorts\VLINE Southern Cross To Ballarat 180824 (shorts).mp4'
-------------------------------

11:03:50 AM
Error :Dynamic SQL Error
SQL error code = -204
Table unknown
PLANINGCUTS
At line 1, column 15
-------------------------------

11:03:50 AM
Error :An invalid connection string argument has been supplied or a required connection string argument has not been supplied.
-------------------------------

11:04:32 AM
Error :unsuccessful metadata update
ALTER TABLE AUTOINSERT failed
violation of PRIMARY or UNIQUE KEY constraint "RDB$INDEX_15" on table "RDB$RELATION_FIELDS"
Problematic key value is ("RDB$FIELD_NAME" = 'ISMUXED', "RDB$RELATION_NAME" = 'AUTOINSERT')
-------------------------------

11:04:32 AM
Error :unsuccessful metadata update
ALTER TABLE AUTOINSERT failed
violation of PRIMARY or UNIQUE KEY constraint "RDB$INDEX_15" on table "RDB$RELATION_FIELDS"
Problematic key value is ("RDB$FIELD_NAME" = 'MUXDATA', "RDB$RELATION_NAME" = 'AUTOINSERT')
-------------------------------

11:04:33 AM
Error :unsuccessful metadata update
ALTER TABLE AUTOINSERTHISTORY failed
violation of PRIMARY or UNIQUE KEY constraint "RDB$INDEX_15" on table "RDB$RELATION_FIELDS"
Problematic key value is ("RDB$FIELD_NAME" = 'ISMUXED', "RDB$RELATION_NAME" = 'AUTOINSERTHISTORY')
-------------------------------

11:04:33 AM
Error :unsuccessful metadata update
ALTER TABLE AUTOINSERTHISTORY failed
violation of PRIMARY or UNIQUE KEY constraint "RDB$INDEX_15" on table "RDB$RELATION_FIELDS"
Problematic key value is ("RDB$FIELD_NAME" = 'MUXDATA', "RDB$RELATION_NAME" = 'AUTOINSERTHISTORY')
-------------------------------

11:04:34 AM
Error :Dynamic SQL Error
SQL error code = -104
Token unknown - line 1, column 105
BIGINT
-------------------------------

11:04:34 AM
Error :The parameter is incorrect. : 'D:\shorts\VLINE Southern Cross To Ballarat 180824 (shorts).mp4'
-------------------------------

11:04:34 AM
Error :Dynamic SQL Error
SQL error code = -204
Table unknown
PLANINGCUTS
At line 1, column 15
-------------------------------

11:04:34 AM
Error :An invalid connection string argument has been supplied or a required connection string argument has not been supplied.
-------------------------------

11:06:49 AM
Error :unsuccessful metadata update
ALTER TABLE AUTOINSERT failed
violation of PRIMARY or UNIQUE KEY constraint "RDB$INDEX_15" on table "RDB$RELATION_FIELDS"
Problematic key value is ("RDB$FIELD_NAME" = 'ISMUXED', "RDB$RELATION_NAME" = 'AUTOINSERT')
-------------------------------

11:06:50 AM
Error :unsuccessful metadata update
ALTER TABLE AUTOINSERT failed
violation of PRIMARY or UNIQUE KEY constraint "RDB$INDEX_15" on table "RDB$RELATION_FIELDS"
Problematic key value is ("RDB$FIELD_NAME" = 'MUXDATA', "RDB$RELATION_NAME" = 'AUTOINSERT')
-------------------------------

11:06:50 AM
Error :unsuccessful metadata update
ALTER TABLE AUTOINSERTHISTORY failed
violation of PRIMARY or UNIQUE KEY constraint "RDB$INDEX_15" on table "RDB$RELATION_FIELDS"
Problematic key value is ("RDB$FIELD_NAME" = 'ISMUXED', "RDB$RELATION_NAME" = 'AUTOINSERTHISTORY')
-------------------------------

11:06:50 AM
Error :unsuccessful metadata update
ALTER TABLE AUTOINSERTHISTORY failed
violation of PRIMARY or UNIQUE KEY constraint "RDB$INDEX_15" on table "RDB$RELATION_FIELDS"
Problematic key value is ("RDB$FIELD_NAME" = 'MUXDATA', "RDB$RELATION_NAME" = 'AUTOINSERTHISTORY')
-------------------------------

11:06:51 AM
Error :Dynamic SQL Error
SQL error code = -104
Token unknown - line 1, column 105
BIGINT
-------------------------------

11:06:51 AM
Error :The parameter is incorrect. : 'D:\shorts\VLINE Southern Cross To Ballarat 180824 (shorts).mp4'
-------------------------------

11:06:51 AM
Error :Dynamic SQL Error
SQL error code = -204
Table unknown
PLANINGCUTS
At line 1, column 15
-------------------------------

11:06:51 AM
Error :An invalid connection string argument has been supplied or a required connection string argument has not been supplied.
-------------------------------

11:08:46 AM
Error :unsuccessful metadata update
ALTER TABLE AUTOINSERT failed
violation of PRIMARY or UNIQUE KEY constraint "RDB$INDEX_15" on table "RDB$RELATION_FIELDS"
Problematic key value is ("RDB$FIELD_NAME" = 'ISMUXED', "RDB$RELATION_NAME" = 'AUTOINSERT')
-------------------------------

11:08:47 AM
Error :unsuccessful metadata update
ALTER TABLE AUTOINSERT failed
violation of PRIMARY or UNIQUE KEY constraint "RDB$INDEX_15" on table "RDB$RELATION_FIELDS"
Problematic key value is ("RDB$FIELD_NAME" = 'MUXDATA', "RDB$RELATION_NAME" = 'AUTOINSERT')
-------------------------------

11:08:47 AM
Error :unsuccessful metadata update
ALTER TABLE AUTOINSERTHISTORY failed
violation of PRIMARY or UNIQUE KEY constraint "RDB$INDEX_15" on table "RDB$RELATION_FIELDS"
Problematic key value is ("RDB$FIELD_NAME" = 'ISMUXED', "RDB$RELATION_NAME" = 'AUTOINSERTHISTORY')
-------------------------------

11:08:47 AM
Error :unsuccessful metadata update
ALTER TABLE AUTOINSERTHISTORY failed
violation of PRIMARY or UNIQUE KEY constraint "RDB$INDEX_15" on table "RDB$RELATION_FIELDS"
Problematic key value is ("RDB$FIELD_NAME" = 'MUXDATA', "RDB$RELATION_NAME" = 'AUTOINSERTHISTORY')
-------------------------------

11:08:48 AM
Error :Dynamic SQL Error
SQL error code = -104
Token unknown - line 1, column 105
BIGINT
-------------------------------

11:08:48 AM
Error :The parameter is incorrect. : 'D:\shorts\VLINE Southern Cross To Ballarat 180824 (shorts).mp4'
-------------------------------

11:08:49 AM
Error :Dynamic SQL Error
SQL error code = -204
Table unknown
PLANINGCUTS
At line 1, column 15
-------------------------------

11:08:49 AM
Error :An invalid connection string argument has been supplied or a required connection string argument has not been supplied.
-------------------------------

11:12:05 AM
Error :unsuccessful metadata update
ALTER TABLE AUTOINSERT failed
violation of PRIMARY or UNIQUE KEY constraint "RDB$INDEX_15" on table "RDB$RELATION_FIELDS"
Problematic key value is ("RDB$FIELD_NAME" = 'ISMUXED', "RDB$RELATION_NAME" = 'AUTOINSERT')
-------------------------------

11:12:06 AM
Error :unsuccessful metadata update
ALTER TABLE AUTOINSERT failed
violation of PRIMARY or UNIQUE KEY constraint "RDB$INDEX_15" on table "RDB$RELATION_FIELDS"
Problematic key value is ("RDB$FIELD_NAME" = 'MUXDATA', "RDB$RELATION_NAME" = 'AUTOINSERT')
-------------------------------

11:12:06 AM
Error :unsuccessful metadata update
ALTER TABLE AUTOINSERTHISTORY failed
violation of PRIMARY or UNIQUE KEY constraint "RDB$INDEX_15" on table "RDB$RELATION_FIELDS"
Problematic key value is ("RDB$FIELD_NAME" = 'ISMUXED', "RDB$RELATION_NAME" = 'AUTOINSERTHISTORY')
-------------------------------

11:12:06 AM
Error :unsuccessful metadata update
ALTER TABLE AUTOINSERTHISTORY failed
violation of PRIMARY or UNIQUE KEY constraint "RDB$INDEX_15" on table "RDB$RELATION_FIELDS"
Problematic key value is ("RDB$FIELD_NAME" = 'MUXDATA', "RDB$RELATION_NAME" = 'AUTOINSERTHISTORY')
-------------------------------

11:12:07 AM
Error :Dynamic SQL Error
SQL error code = -104
Token unknown - line 1, column 105
BIGINT
-------------------------------

11:12:07 AM
Error :The parameter is incorrect. : 'D:\shorts\VLINE Southern Cross To Ballarat 180824 (shorts).mp4'
-------------------------------

11:12:07 AM
Error :Dynamic SQL Error
SQL error code = -204
Table unknown
PLANINGCUTS
At line 1, column 15
-------------------------------

11:12:08 AM
Error :An invalid connection string argument has been supplied or a required connection string argument has not been supplied.
-------------------------------

11:15:19 AM
Error :unsuccessful metadata update
ALTER TABLE AUTOINSERT failed
violation of PRIMARY or UNIQUE KEY constraint "RDB$INDEX_15" on table "RDB$RELATION_FIELDS"
Problematic key value is ("RDB$FIELD_NAME" = 'ISMUXED', "RDB$RELATION_NAME" = 'AUTOINSERT')
-------------------------------

11:15:19 AM
Error :unsuccessful metadata update
ALTER TABLE AUTOINSERT failed
violation of PRIMARY or UNIQUE KEY constraint "RDB$INDEX_15" on table "RDB$RELATION_FIELDS"
Problematic key value is ("RDB$FIELD_NAME" = 'MUXDATA', "RDB$RELATION_NAME" = 'AUTOINSERT')
-------------------------------

11:15:19 AM
Error :unsuccessful metadata update
ALTER TABLE AUTOINSERTHISTORY failed
violation of PRIMARY or UNIQUE KEY constraint "RDB$INDEX_15" on table "RDB$RELATION_FIELDS"
Problematic key value is ("RDB$FIELD_NAME" = 'ISMUXED', "RDB$RELATION_NAME" = 'AUTOINSERTHISTORY')
-------------------------------

11:15:20 AM
Error :unsuccessful metadata update
ALTER TABLE AUTOINSERTHISTORY failed
violation of PRIMARY or UNIQUE KEY constraint "RDB$INDEX_15" on table "RDB$RELATION_FIELDS"
Problematic key value is ("RDB$FIELD_NAME" = 'MUXDATA', "RDB$RELATION_NAME" = 'AUTOINSERTHISTORY')
-------------------------------

11:15:20 AM
Error :Dynamic SQL Error
SQL error code = -104
Token unknown - line 1, column 105
BIGINT
-------------------------------

11:15:20 AM
Error :The parameter is incorrect. : 'D:\shorts\VLINE Southern Cross To Ballarat 180824 (shorts).mp4'
-------------------------------

11:15:21 AM
Error :Dynamic SQL Error
SQL error code = -204
Table unknown
PLANINGCUTS
At line 1, column 15
-------------------------------

11:15:21 AM
Error :An invalid connection string argument has been supplied or a required connection string argument has not been supplied.
-------------------------------

11:17:26 AM
Error :unsuccessful metadata update
ALTER TABLE AUTOINSERT failed
violation of PRIMARY or UNIQUE KEY constraint "RDB$INDEX_15" on table "RDB$RELATION_FIELDS"
Problematic key value is ("RDB$FIELD_NAME" = 'ISMUXED', "RDB$RELATION_NAME" = 'AUTOINSERT')
-------------------------------

11:17:27 AM
Error :unsuccessful metadata update
ALTER TABLE AUTOINSERT failed
violation of PRIMARY or UNIQUE KEY constraint "RDB$INDEX_15" on table "RDB$RELATION_FIELDS"
Problematic key value is ("RDB$FIELD_NAME" = 'MUXDATA', "RDB$RELATION_NAME" = 'AUTOINSERT')
-------------------------------

11:17:27 AM
Error :unsuccessful metadata update
ALTER TABLE AUTOINSERTHISTORY failed
violation of PRIMARY or UNIQUE KEY constraint "RDB$INDEX_15" on table "RDB$RELATION_FIELDS"
Problematic key value is ("RDB$FIELD_NAME" = 'ISMUXED', "RDB$RELATION_NAME" = 'AUTOINSERTHISTORY')
-------------------------------

11:17:27 AM
Error :unsuccessful metadata update
ALTER TABLE AUTOINSERTHISTORY failed
violation of PRIMARY or UNIQUE KEY constraint "RDB$INDEX_15" on table "RDB$RELATION_FIELDS"
Problematic key value is ("RDB$FIELD_NAME" = 'MUXDATA', "RDB$RELATION_NAME" = 'AUTOINSERTHISTORY')
-------------------------------

11:17:28 AM
Error :Dynamic SQL Error
SQL error code = -104
Token unknown - line 1, column 105
BIGINT
-------------------------------

11:17:28 AM
Error :The parameter is incorrect. : 'D:\shorts\VLINE Southern Cross To Ballarat 180824 (shorts).mp4'
-------------------------------

11:17:28 AM
Error :Dynamic SQL Error
SQL error code = -204
Table unknown
PLANINGCUTS
At line 1, column 15
-------------------------------

11:17:28 AM
Error :An invalid connection string argument has been supplied or a required connection string argument has not been supplied.
-------------------------------

11:19:26 AM
Error :unsuccessful metadata update
ALTER TABLE AUTOINSERT failed
violation of PRIMARY or UNIQUE KEY constraint "RDB$INDEX_15" on table "RDB$RELATION_FIELDS"
Problematic key value is ("RDB$FIELD_NAME" = 'ISMUXED', "RDB$RELATION_NAME" = 'AUTOINSERT')
-------------------------------

11:19:26 AM
Error :unsuccessful metadata update
ALTER TABLE AUTOINSERT failed
violation of PRIMARY or UNIQUE KEY constraint "RDB$INDEX_15" on table "RDB$RELATION_FIELDS"
Problematic key value is ("RDB$FIELD_NAME" = 'MUXDATA', "RDB$RELATION_NAME" = 'AUTOINSERT')
-------------------------------

11:19:26 AM
Error :unsuccessful metadata update
ALTER TABLE AUTOINSERTHISTORY failed
violation of PRIMARY or UNIQUE KEY constraint "RDB$INDEX_15" on table "RDB$RELATION_FIELDS"
Problematic key value is ("RDB$FIELD_NAME" = 'ISMUXED', "RDB$RELATION_NAME" = 'AUTOINSERTHISTORY')
-------------------------------

11:19:27 AM
Error :unsuccessful metadata update
ALTER TABLE AUTOINSERTHISTORY failed
violation of PRIMARY or UNIQUE KEY constraint "RDB$INDEX_15" on table "RDB$RELATION_FIELDS"
Problematic key value is ("RDB$FIELD_NAME" = 'MUXDATA', "RDB$RELATION_NAME" = 'AUTOINSERTHISTORY')
-------------------------------

11:19:27 AM
Error :Dynamic SQL Error
SQL error code = -104
Token unknown - line 1, column 105
BIGINT
-------------------------------

11:19:27 AM
Error :The parameter is incorrect. : 'D:\shorts\VLINE Southern Cross To Ballarat 180824 (shorts).mp4'
-------------------------------

11:19:28 AM
Error :Dynamic SQL Error
SQL error code = -204
Table unknown
PLANINGCUTS
At line 1, column 15
-------------------------------

11:19:28 AM
Error :An invalid connection string argument has been supplied or a required connection string argument has not been supplied.
-------------------------------

11:21:57 AM
Error :I/O error during "CreateFile (open)" operation for file "C:\VIDEOGUI\VIDEOGUI.FDB"
Error while trying to open file
-------------------------------

11:21:57 AM
Error :I/O error during "CreateFile (open)" operation for file "C:\VIDEOGUI\VIDEOGUI.FDB"
Error while trying to open file
-------------------------------

11:21:58 AM
Error :I/O error during "CreateFile (open)" operation for file "C:\VIDEOGUI\VIDEOGUI.FDB"
Error while trying to open file
-------------------------------

11:21:58 AM
Error :I/O error during "CreateFile (open)" operation for file "C:\VIDEOGUI\VIDEOGUI.FDB"
Error while trying to open file
-------------------------------

11:21:58 AM
Error :I/O error during "CreateFile (open)" operation for file "C:\VIDEOGUI\VIDEOGUI.FDB"
Error while trying to open file
-------------------------------

11:21:59 AM
Error :I/O error during "CreateFile (open)" operation for file "C:\VIDEOGUI\VIDEOGUI.FDB"
Error while trying to open file
-------------------------------

11:21:59 AM
Error :I/O error during "CreateFile (open)" operation for file "C:\VIDEOGUI\VIDEOGUI.FDB"
Error while trying to open file
-------------------------------

11:22:00 AM
Error :I/O error during "CreateFile (open)" operation for file "C:\VIDEOGUI\VIDEOGUI.FDB"
Error while trying to open file
-------------------------------

11:22:00 AM
Error :I/O error during "CreateFile (open)" operation for file "C:\VIDEOGUI\VIDEOGUI.FDB"
Error while trying to open file
-------------------------------

11:22:00 AM
Error :I/O error during "CreateFile (open)" operation for file "C:\VIDEOGUI\VIDEOGUI.FDB"
Error while trying to open file
-------------------------------

11:22:01 AM
Error :I/O error during "CreateFile (open)" operation for file "C:\VIDEOGUI\VIDEOGUI.FDB"
Error while trying to open file
-------------------------------

11:22:01 AM
Error :I/O error during "CreateFile (open)" operation for file "C:\VIDEOGUI\VIDEOGUI.FDB"
Error while trying to open file
-------------------------------

11:22:01 AM
Error :I/O error during "CreateFile (open)" operation for file "C:\VIDEOGUI\VIDEOGUI.FDB"
Error while trying to open file
-------------------------------

11:22:02 AM
Error :I/O error during "CreateFile (open)" operation for file "C:\VIDEOGUI\VIDEOGUI.FDB"
Error while trying to open file
-------------------------------

11:22:02 AM
Error :I/O error during "CreateFile (open)" operation for file "C:\VIDEOGUI\VIDEOGUI.FDB"
Error while trying to open file
-------------------------------

11:22:03 AM
Error :I/O error during "CreateFile (open)" operation for file "C:\VIDEOGUI\VIDEOGUI.FDB"
Error while trying to open file
-------------------------------

11:22:03 AM
Error :I/O error during "CreateFile (open)" operation for file "C:\VIDEOGUI\VIDEOGUI.FDB"
Error while trying to open file
-------------------------------

11:22:03 AM
Error :I/O error during "CreateFile (open)" operation for file "C:\VIDEOGUI\VIDEOGUI.FDB"
Error while trying to open file
-------------------------------

11:22:04 AM
Error :I/O error during "CreateFile (open)" operation for file "C:\VIDEOGUI\VIDEOGUI.FDB"
Error while trying to open file
-------------------------------

11:22:04 AM
Error :I/O error during "CreateFile (open)" operation for file "C:\VIDEOGUI\VIDEOGUI.FDB"
Error while trying to open file
-------------------------------

11:22:05 AM
Error :I/O error during "CreateFile (open)" operation for file "C:\VIDEOGUI\VIDEOGUI.FDB"
Error while trying to open file
-------------------------------

11:22:05 AM
Error :I/O error during "CreateFile (open)" operation for file "C:\VIDEOGUI\VIDEOGUI.FDB"
Error while trying to open file
-------------------------------

11:22:05 AM
Error :I/O error during "CreateFile (open)" operation for file "C:\VIDEOGUI\VIDEOGUI.FDB"
Error while trying to open file
-------------------------------

11:22:06 AM
Error :I/O error during "CreateFile (open)" operation for file "C:\VIDEOGUI\VIDEOGUI.FDB"
Error while trying to open file
-------------------------------

11:22:06 AM
Error :I/O error during "CreateFile (open)" operation for file "C:\VIDEOGUI\VIDEOGUI.FDB"
Error while trying to open file
-------------------------------

11:22:06 AM
Error :I/O error during "CreateFile (open)" operation for file "C:\VIDEOGUI\VIDEOGUI.FDB"
Error while trying to open file
-------------------------------

11:22:07 AM
Error :I/O error during "CreateFile (open)" operation for file "C:\VIDEOGUI\VIDEOGUI.FDB"
Error while trying to open file
-------------------------------

11:22:07 AM
Error :I/O error during "CreateFile (open)" operation for file "C:\VIDEOGUI\VIDEOGUI.FDB"
Error while trying to open file
-------------------------------

11:22:08 AM
Error :I/O error during "CreateFile (open)" operation for file "C:\VIDEOGUI\VIDEOGUI.FDB"
Error while trying to open file
-------------------------------

11:22:08 AM
Error :I/O error during "CreateFile (open)" operation for file "C:\VIDEOGUI\VIDEOGUI.FDB"
Error while trying to open file
-------------------------------

11:22:08 AM
Error :I/O error during "CreateFile (open)" operation for file "C:\VIDEOGUI\VIDEOGUI.FDB"
Error while trying to open file
-------------------------------

11:22:09 AM
Error :I/O error during "CreateFile (open)" operation for file "C:\VIDEOGUI\VIDEOGUI.FDB"
Error while trying to open file
-------------------------------

11:22:09 AM
Error :I/O error during "CreateFile (open)" operation for file "C:\VIDEOGUI\VIDEOGUI.FDB"
Error while trying to open file
-------------------------------

11:22:09 AM
Error :I/O error during "CreateFile (open)" operation for file "C:\VIDEOGUI\VIDEOGUI.FDB"
Error while trying to open file
-------------------------------

11:22:10 AM
Error :I/O error during "CreateFile (open)" operation for file "C:\VIDEOGUI\VIDEOGUI.FDB"
Error while trying to open file
-------------------------------

11:22:10 AM
Error :I/O error during "CreateFile (open)" operation for file "C:\VIDEOGUI\VIDEOGUI.FDB"
Error while trying to open file
-------------------------------

11:22:11 AM
Error :I/O error during "CreateFile (open)" operation for file "C:\VIDEOGUI\VIDEOGUI.FDB"
Error while trying to open file
-------------------------------

11:22:11 AM
Error :I/O error during "CreateFile (open)" operation for file "C:\VIDEOGUI\VIDEOGUI.FDB"
Error while trying to open file
-------------------------------

11:22:11 AM
Error :I/O error during "CreateFile (open)" operation for file "C:\VIDEOGUI\VIDEOGUI.FDB"
Error while trying to open file
-------------------------------

11:22:12 AM
Error :I/O error during "CreateFile (open)" operation for file "C:\VIDEOGUI\VIDEOGUI.FDB"
Error while trying to open file
-------------------------------

11:22:12 AM
Error :I/O error during "CreateFile (open)" operation for file "C:\VIDEOGUI\VIDEOGUI.FDB"
Error while trying to open file
-------------------------------

11:22:13 AM
Error :I/O error during "CreateFile (open)" operation for file "C:\VIDEOGUI\VIDEOGUI.FDB"
Error while trying to open file
-------------------------------

11:22:13 AM
Error :I/O error during "CreateFile (open)" operation for file "C:\VIDEOGUI\VIDEOGUI.FDB"
Error while trying to open file
-------------------------------

11:22:13 AM
Error :Dynamic SQL Error
SQL error code = -204
Table unknown
PLANINGCUTS
At line 1, column 15
-------------------------------

11:22:13 AM
Error :An invalid connection string argument has been supplied or a required connection string argument has not been supplied.
-------------------------------

11:22:27 AM
Error :unsuccessful metadata update
ALTER TABLE AUTOINSERT failed
violation of PRIMARY or UNIQUE KEY constraint "RDB$INDEX_15" on table "RDB$RELATION_FIELDS"
Problematic key value is ("RDB$FIELD_NAME" = 'ISMUXED', "RDB$RELATION_NAME" = 'AUTOINSERT')
-------------------------------

11:22:28 AM
Error :unsuccessful metadata update
ALTER TABLE AUTOINSERT failed
violation of PRIMARY or UNIQUE KEY constraint "RDB$INDEX_15" on table "RDB$RELATION_FIELDS"
Problematic key value is ("RDB$FIELD_NAME" = 'MUXDATA', "RDB$RELATION_NAME" = 'AUTOINSERT')
-------------------------------

11:22:28 AM
Error :unsuccessful metadata update
ALTER TABLE AUTOINSERTHISTORY failed
violation of PRIMARY or UNIQUE KEY constraint "RDB$INDEX_15" on table "RDB$RELATION_FIELDS"
Problematic key value is ("RDB$FIELD_NAME" = 'ISMUXED', "RDB$RELATION_NAME" = 'AUTOINSERTHISTORY')
-------------------------------

11:22:28 AM
Error :unsuccessful metadata update
ALTER TABLE AUTOINSERTHISTORY failed
violation of PRIMARY or UNIQUE KEY constraint "RDB$INDEX_15" on table "RDB$RELATION_FIELDS"
Problematic key value is ("RDB$FIELD_NAME" = 'MUXDATA', "RDB$RELATION_NAME" = 'AUTOINSERTHISTORY')
-------------------------------

11:22:29 AM
Error :Dynamic SQL Error
SQL error code = -104
Token unknown - line 1, column 105
BIGINT
-------------------------------

11:22:29 AM
Error :The parameter is incorrect. : 'D:\shorts\VLINE Southern Cross To Ballarat 180824 (shorts).mp4'
-------------------------------

11:22:29 AM
Error :Dynamic SQL Error
SQL error code = -204
Table unknown
PLANINGCUTS
At line 1, column 15
-------------------------------

11:22:29 AM
Error :An invalid connection string argument has been supplied or a required connection string argument has not been supplied.
-------------------------------

11:25:53 AM
Error :unsuccessful metadata update
ALTER TABLE AUTOINSERT failed
violation of PRIMARY or UNIQUE KEY constraint "RDB$INDEX_15" on table "RDB$RELATION_FIELDS"
Problematic key value is ("RDB$FIELD_NAME" = 'ISMUXED', "RDB$RELATION_NAME" = 'AUTOINSERT')
-------------------------------

11:25:53 AM
Error :unsuccessful metadata update
ALTER TABLE AUTOINSERT failed
violation of PRIMARY or UNIQUE KEY constraint "RDB$INDEX_15" on table "RDB$RELATION_FIELDS"
Problematic key value is ("RDB$FIELD_NAME" = 'MUXDATA', "RDB$RELATION_NAME" = 'AUTOINSERT')
-------------------------------

11:25:54 AM
Error :unsuccessful metadata update
ALTER TABLE AUTOINSERTHISTORY failed
violation of PRIMARY or UNIQUE KEY constraint "RDB$INDEX_15" on table "RDB$RELATION_FIELDS"
Problematic key value is ("RDB$FIELD_NAME" = 'ISMUXED', "RDB$RELATION_NAME" = 'AUTOINSERTHISTORY')
-------------------------------

11:25:54 AM
Error :unsuccessful metadata update
ALTER TABLE AUTOINSERTHISTORY failed
violation of PRIMARY or UNIQUE KEY constraint "RDB$INDEX_15" on table "RDB$RELATION_FIELDS"
Problematic key value is ("RDB$FIELD_NAME" = 'MUXDATA', "RDB$RELATION_NAME" = 'AUTOINSERTHISTORY')
-------------------------------

11:25:55 AM
Error :Dynamic SQL Error
SQL error code = -104
Token unknown - line 1, column 105
BIGINT
-------------------------------

11:25:55 AM
Error :The parameter is incorrect. : 'D:\shorts\VLINE Southern Cross To Ballarat 180824 (shorts).mp4'
-------------------------------

11:25:55 AM
Error :Dynamic SQL Error
SQL error code = -204
Table unknown
PLANINGCUTS
At line 1, column 15
-------------------------------

11:25:55 AM
Error :An invalid connection string argument has been supplied or a required connection string argument has not been supplied.
-------------------------------

2:32:32 PM
Error :unsuccessful metadata update
ALTER TABLE AUTOINSERT failed
violation of PRIMARY or UNIQUE KEY constraint "RDB$INDEX_15" on table "RDB$RELATION_FIELDS"
Problematic key value is ("RDB$FIELD_NAME" = 'ISMUXED', "RDB$RELATION_NAME" = 'AUTOINSERT')
-------------------------------

2:32:32 PM
Error :unsuccessful metadata update
ALTER TABLE AUTOINSERT failed
violation of PRIMARY or UNIQUE KEY constraint "RDB$INDEX_15" on table "RDB$RELATION_FIELDS"
Problematic key value is ("RDB$FIELD_NAME" = 'MUXDATA', "RDB$RELATION_NAME" = 'AUTOINSERT')
-------------------------------

2:32:32 PM
Error :unsuccessful metadata update
ALTER TABLE AUTOINSERTHISTORY failed
violation of PRIMARY or UNIQUE KEY constraint "RDB$INDEX_15" on table "RDB$RELATION_FIELDS"
Problematic key value is ("RDB$FIELD_NAME" = 'ISMUXED', "RDB$RELATION_NAME" = 'AUTOINSERTHISTORY')
-------------------------------

2:32:33 PM
Error :unsuccessful metadata update
ALTER TABLE AUTOINSERTHISTORY failed
violation of PRIMARY or UNIQUE KEY constraint "RDB$INDEX_15" on table "RDB$RELATION_FIELDS"
Problematic key value is ("RDB$FIELD_NAME" = 'MUXDATA', "RDB$RELATION_NAME" = 'AUTOINSERTHISTORY')
-------------------------------

2:32:33 PM
Error :Dynamic SQL Error
SQL error code = -104
Token unknown - line 1, column 105
BIGINT
-------------------------------

2:32:33 PM
Error :Could not find a part of the path 'D:\shorts\VLINE Southern Cross To Ballarat 180824 (shorts).mp4'.
-------------------------------

2:32:34 PM
Error :Dynamic SQL Error
SQL error code = -204
Table unknown
PLANINGCUTS
At line 1, column 15
-------------------------------

2:32:34 PM
Error :An invalid connection string argument has been supplied or a required connection string argument has not been supplied.
-------------------------------

2:32:34 PM
Error :Could not find a part of the path 'd:\shorts\VLINE Southern Cross To Swanhill 270624'.
-------------------------------

2:32:42 PM
Error :Object reference not set to an instance of an object.
-------------------------------

2:33:08 PM
Error :unsuccessful metadata update
ALTER TABLE AUTOINSERT failed
violation of PRIMARY or UNIQUE KEY constraint "RDB$INDEX_15" on table "RDB$RELATION_FIELDS"
Problematic key value is ("RDB$FIELD_NAME" = 'ISMUXED', "RDB$RELATION_NAME" = 'AUTOINSERT')
-------------------------------

2:34:22 PM
Error :unsuccessful metadata update
ALTER TABLE AUTOINSERT failed
violation of PRIMARY or UNIQUE KEY constraint "RDB$INDEX_15" on table "RDB$RELATION_FIELDS"
Problematic key value is ("RDB$FIELD_NAME" = 'ISMUXED', "RDB$RELATION_NAME" = 'AUTOINSERT')
-------------------------------

2:34:22 PM
Error :unsuccessful metadata update
ALTER TABLE AUTOINSERT failed
violation of PRIMARY or UNIQUE KEY constraint "RDB$INDEX_15" on table "RDB$RELATION_FIELDS"
Problematic key value is ("RDB$FIELD_NAME" = 'MUXDATA', "RDB$RELATION_NAME" = 'AUTOINSERT')
-------------------------------

2:34:23 PM
Error :unsuccessful metadata update
ALTER TABLE AUTOINSERTHISTORY failed
violation of PRIMARY or UNIQUE KEY constraint "RDB$INDEX_15" on table "RDB$RELATION_FIELDS"
Problematic key value is ("RDB$FIELD_NAME" = 'ISMUXED', "RDB$RELATION_NAME" = 'AUTOINSERTHISTORY')
-------------------------------

2:34:23 PM
Error :unsuccessful metadata update
ALTER TABLE AUTOINSERTHISTORY failed
violation of PRIMARY or UNIQUE KEY constraint "RDB$INDEX_15" on table "RDB$RELATION_FIELDS"
Problematic key value is ("RDB$FIELD_NAME" = 'MUXDATA', "RDB$RELATION_NAME" = 'AUTOINSERTHISTORY')
-------------------------------

2:34:24 PM
Error :Dynamic SQL Error
SQL error code = -104
Token unknown - line 1, column 105
BIGINT
-------------------------------

2:34:24 PM
Error :Could not find a part of the path 'D:\shorts\VLINE Southern Cross To Ballarat 180824 (shorts).mp4'.
-------------------------------

2:34:24 PM
Error :Dynamic SQL Error
SQL error code = -204
Table unknown
PLANINGCUTS
At line 1, column 15
-------------------------------

2:34:24 PM
Error :An invalid connection string argument has been supplied or a required connection string argument has not been supplied.
-------------------------------

2:34:24 PM
Error :Could not find a part of the path 'd:\shorts\VLINE Southern Cross To Swanhill 270624'.
-------------------------------

2:35:26 PM
Error :unsuccessful metadata update
ALTER TABLE AUTOINSERT failed
violation of PRIMARY or UNIQUE KEY constraint "RDB$INDEX_15" on table "RDB$RELATION_FIELDS"
Problematic key value is ("RDB$FIELD_NAME" = 'ISMUXED', "RDB$RELATION_NAME" = 'AUTOINSERT')
-------------------------------

2:35:26 PM
Error :unsuccessful metadata update
ALTER TABLE AUTOINSERT failed
violation of PRIMARY or UNIQUE KEY constraint "RDB$INDEX_15" on table "RDB$RELATION_FIELDS"
Problematic key value is ("RDB$FIELD_NAME" = 'MUXDATA', "RDB$RELATION_NAME" = 'AUTOINSERT')
-------------------------------

2:35:27 PM
Error :unsuccessful metadata update
ALTER TABLE AUTOINSERTHISTORY failed
violation of PRIMARY or UNIQUE KEY constraint "RDB$INDEX_15" on table "RDB$RELATION_FIELDS"
Problematic key value is ("RDB$FIELD_NAME" = 'ISMUXED', "RDB$RELATION_NAME" = 'AUTOINSERTHISTORY')
-------------------------------

2:35:27 PM
Error :unsuccessful metadata update
ALTER TABLE AUTOINSERTHISTORY failed
violation of PRIMARY or UNIQUE KEY constraint "RDB$INDEX_15" on table "RDB$RELATION_FIELDS"
Problematic key value is ("RDB$FIELD_NAME" = 'MUXDATA', "RDB$RELATION_NAME" = 'AUTOINSERTHISTORY')
-------------------------------

2:35:28 PM
Error :Dynamic SQL Error
SQL error code = -104
Token unknown - line 1, column 105
BIGINT
-------------------------------

2:35:28 PM
Error :Could not find a part of the path 'D:\shorts\VLINE Southern Cross To Ballarat 180824 (shorts).mp4'.
-------------------------------

2:35:28 PM
Error :Dynamic SQL Error
SQL error code = -204
Table unknown
PLANINGCUTS
At line 1, column 15
-------------------------------

2:35:28 PM
Error :An invalid connection string argument has been supplied or a required connection string argument has not been supplied.
-------------------------------

2:35:37 PM
Error :Collection was modified; enumeration operation may not execute.
-------------------------------

2:37:24 PM
Error :Second path fragment must not be a drive or UNC name. (Parameter 'expression')
-------------------------------

2:37:48 PM
Error :Second path fragment must not be a drive or UNC name. (Parameter 'expression')
-------------------------------

2:55:44 PM
Error :Collection was modified; enumeration operation may not execute.
-------------------------------

2:55:52 PM
Error :Second path fragment must not be a drive or UNC name. (Parameter 'expression')
-------------------------------

2:56:50 PM
Error :Second path fragment must not be a drive or UNC name. (Parameter 'expression')
-------------------------------
