
4:41:23 PM
Error :unsuccessful metadata update
ALTER TABLE AUTOINSERT failed
violation of PRIMARY or UNIQUE KEY constraint "RDB$INDEX_15" on table "RDB$RELATION_FIELDS"
Problematic key value is ("RDB$FIELD_NAME" = 'ISMUXED', "RDB$RELATION_NAME" = 'AUTOINSERT')
-------------------------------

4:41:24 PM
Error :unsuccessful metadata update
ALTER TABLE AUTOINSERT failed
violation of PRIMARY or UNIQUE KEY constraint "RDB$INDEX_15" on table "RDB$RELATION_FIELDS"
Problematic key value is ("RDB$FIELD_NAME" = 'MUXDATA', "RDB$RELATION_NAME" = 'AUTOINSERT')
-------------------------------

4:41:24 PM
Error :unsuccessful metadata update
ALTER TABLE AUTOINSERTHISTORY failed
violation of PRIMARY or UNIQUE KEY constraint "RDB$INDEX_15" on table "RDB$RELATION_FIELDS"
Problematic key value is ("RDB$FIELD_NAME" = 'ISMUXED', "RDB$RELATION_NAME" = 'AUTOINSERTHISTORY')
-------------------------------

4:41:24 PM
Error :unsuccessful metadata update
ALTER TABLE AUTOINSERTHISTORY failed
violation of PRIMARY or UNIQUE KEY constraint "RDB$INDEX_15" on table "RDB$RELATION_FIELDS"
Problematic key value is ("RDB$FIELD_NAME" = 'MUXDATA', "RDB$RELATION_NAME" = 'AUTOINSERTHISTORY')
-------------------------------

4:41:25 PM
Error :Dynamic SQL Error
SQL error code = -104
Token unknown - line 1, column 105
BIGINT
-------------------------------

4:41:25 PM
Error :The parameter is incorrect. : 'D:\shorts\VLINE Southern Cross To Ballarat 180824 (shorts).mp4'
-------------------------------

4:41:26 PM
Error :Dynamic SQL Error
SQL error code = -204
Table unknown
PLANINGCUTS
At line 1, column 15
-------------------------------

4:41:26 PM
Error :An invalid connection string argument has been supplied or a required connection string argument has not been supplied.
-------------------------------

4:41:33 PM
Error :Could not find a part of the path 'E:\GoPro9\Raw\707 A62-A66 Operations Train To Kilmore 010723'.
-------------------------------

4:41:33 PM
Error :Could not find a part of the path 'e:\gopro9\raw\Metro Jordanville To Flinders Street 290623'.
-------------------------------

4:41:33 PM
Error :Could not find a part of the path 'E:\GoPro9\raw\VLINE Bendigo To Southern Cross 250723'.
-------------------------------

4:41:33 PM
Error :Could not find a part of the path 'E:\GoPro9\raw\VLINE Southern Cross To Bendigo 250723'.
-------------------------------

4:41:41 PM
Error :Could not find a part of the path 'E:\GoPro9\Raw\707 A62-A66 Operations Train To Kilmore 010723'.
-------------------------------

4:41:41 PM
Error :Could not find a part of the path 'e:\gopro9\raw\Metro Jordanville To Flinders Street 290623'.
-------------------------------

4:41:41 PM
Error :Could not find a part of the path 'E:\GoPro9\raw\VLINE Bendigo To Southern Cross 250723'.
-------------------------------

4:41:42 PM
Error :Could not find a part of the path 'E:\GoPro9\raw\VLINE Southern Cross To Bendigo 250723'.
-------------------------------

4:42:42 PM
Error :Could not find a part of the path 'E:\GoPro9\Raw\707 A62-A66 Operations Train To Kilmore 010723'.
-------------------------------

4:42:42 PM
Error :Could not find a part of the path 'e:\gopro9\raw\Metro Jordanville To Flinders Street 290623'.
-------------------------------

4:42:42 PM
Error :Could not find a part of the path 'E:\GoPro9\raw\VLINE Bendigo To Southern Cross 250723'.
-------------------------------

4:42:42 PM
Error :Could not find a part of the path 'E:\GoPro9\raw\VLINE Southern Cross To Bendigo 250723'.
-------------------------------

4:43:42 PM
Error :Could not find a part of the path 'E:\GoPro9\Raw\707 A62-A66 Operations Train To Kilmore 010723'.
-------------------------------

4:43:42 PM
Error :Could not find a part of the path 'e:\gopro9\raw\Metro Jordanville To Flinders Street 290623'.
-------------------------------

4:43:42 PM
Error :Could not find a part of the path 'E:\GoPro9\raw\VLINE Bendigo To Southern Cross 250723'.
-------------------------------

4:43:42 PM
Error :Could not find a part of the path 'E:\GoPro9\raw\VLINE Southern Cross To Bendigo 250723'.
-------------------------------

4:44:42 PM
Error :Could not find a part of the path 'E:\GoPro9\Raw\707 A62-A66 Operations Train To Kilmore 010723'.
-------------------------------

4:44:42 PM
Error :Could not find a part of the path 'e:\gopro9\raw\Metro Jordanville To Flinders Street 290623'.
-------------------------------

4:44:42 PM
Error :Could not find a part of the path 'E:\GoPro9\raw\VLINE Bendigo To Southern Cross 250723'.
-------------------------------

4:44:42 PM
Error :Could not find a part of the path 'E:\GoPro9\raw\VLINE Southern Cross To Bendigo 250723'.
-------------------------------

4:45:42 PM
Error :Could not find a part of the path 'E:\GoPro9\Raw\707 A62-A66 Operations Train To Kilmore 010723'.
-------------------------------

4:45:43 PM
Error :Could not find a part of the path 'e:\gopro9\raw\Metro Jordanville To Flinders Street 290623'.
-------------------------------

4:45:43 PM
Error :Could not find a part of the path 'E:\GoPro9\raw\VLINE Bendigo To Southern Cross 250723'.
-------------------------------

4:45:43 PM
Error :Could not find a part of the path 'E:\GoPro9\raw\VLINE Southern Cross To Bendigo 250723'.
-------------------------------

4:46:43 PM
Error :Could not find a part of the path 'E:\GoPro9\Raw\707 A62-A66 Operations Train To Kilmore 010723'.
-------------------------------

4:46:43 PM
Error :Could not find a part of the path 'e:\gopro9\raw\Metro Jordanville To Flinders Street 290623'.
-------------------------------

4:46:43 PM
Error :Could not find a part of the path 'E:\GoPro9\raw\VLINE Bendigo To Southern Cross 250723'.
-------------------------------

4:46:43 PM
Error :Could not find a part of the path 'E:\GoPro9\raw\VLINE Southern Cross To Bendigo 250723'.
-------------------------------

4:47:43 PM
Error :Could not find a part of the path 'E:\GoPro9\Raw\707 A62-A66 Operations Train To Kilmore 010723'.
-------------------------------

4:47:43 PM
Error :Could not find a part of the path 'e:\gopro9\raw\Metro Jordanville To Flinders Street 290623'.
-------------------------------

4:47:43 PM
Error :Could not find a part of the path 'E:\GoPro9\raw\VLINE Bendigo To Southern Cross 250723'.
-------------------------------

4:47:43 PM
Error :Could not find a part of the path 'E:\GoPro9\raw\VLINE Southern Cross To Bendigo 250723'.
-------------------------------

4:49:22 PM
Error :Dynamic SQL Error
SQL error code = -204
Table unknown
SHORTSDIRECTORY
At line 1, column 15
-------------------------------

4:49:22 PM
Error :Could not find a part of the path 'E:\GoPro9\Raw\707 A62-A66 Operations Train To Kilmore 010723'.
-------------------------------

4:49:22 PM
Error :Could not find a part of the path 'e:\gopro9\raw\Metro Jordanville To Flinders Street 290623'.
-------------------------------

4:49:22 PM
Error :Could not find a part of the path 'E:\GoPro9\raw\VLINE Bendigo To Southern Cross 250723'.
-------------------------------

4:49:22 PM
Error :Could not find a part of the path 'E:\GoPro9\raw\VLINE Southern Cross To Bendigo 250723'.
-------------------------------

4:52:41 PM
Error :unsuccessful metadata update
ALTER TABLE AUTOINSERT failed
violation of PRIMARY or UNIQUE KEY constraint "RDB$INDEX_15" on table "RDB$RELATION_FIELDS"
Problematic key value is ("RDB$FIELD_NAME" = 'ISMUXED', "RDB$RELATION_NAME" = 'AUTOINSERT')
-------------------------------

4:52:41 PM
Error :unsuccessful metadata update
ALTER TABLE AUTOINSERT failed
violation of PRIMARY or UNIQUE KEY constraint "RDB$INDEX_15" on table "RDB$RELATION_FIELDS"
Problematic key value is ("RDB$FIELD_NAME" = 'MUXDATA', "RDB$RELATION_NAME" = 'AUTOINSERT')
-------------------------------

4:52:42 PM
Error :unsuccessful metadata update
ALTER TABLE AUTOINSERTHISTORY failed
violation of PRIMARY or UNIQUE KEY constraint "RDB$INDEX_15" on table "RDB$RELATION_FIELDS"
Problematic key value is ("RDB$FIELD_NAME" = 'ISMUXED', "RDB$RELATION_NAME" = 'AUTOINSERTHISTORY')
-------------------------------

4:52:42 PM
Error :unsuccessful metadata update
ALTER TABLE AUTOINSERTHISTORY failed
violation of PRIMARY or UNIQUE KEY constraint "RDB$INDEX_15" on table "RDB$RELATION_FIELDS"
Problematic key value is ("RDB$FIELD_NAME" = 'MUXDATA', "RDB$RELATION_NAME" = 'AUTOINSERTHISTORY')
-------------------------------

4:52:42 PM
Error :Dynamic SQL Error
SQL error code = -104
Token unknown - line 1, column 105
BIGINT
-------------------------------

4:52:43 PM
Error :The parameter is incorrect. : 'D:\shorts\VLINE Southern Cross To Ballarat 180824 (shorts).mp4'
-------------------------------

4:52:43 PM
Error :Dynamic SQL Error
SQL error code = -204
Table unknown
PLANINGCUTS
At line 1, column 15
-------------------------------

4:52:43 PM
Error :An invalid connection string argument has been supplied or a required connection string argument has not been supplied.
-------------------------------

4:52:59 PM
Error :Could not find a part of the path 'E:\GoPro9\Raw\707 A62-A66 Operations Train To Kilmore 010723'.
-------------------------------

4:52:59 PM
Error :Could not find a part of the path 'e:\gopro9\raw\Metro Jordanville To Flinders Street 290623'.
-------------------------------

4:52:59 PM
Error :Could not find a part of the path 'E:\GoPro9\raw\VLINE Bendigo To Southern Cross 250723'.
-------------------------------

4:52:59 PM
Error :Could not find a part of the path 'E:\GoPro9\raw\VLINE Southern Cross To Bendigo 250723'.
-------------------------------

4:53:37 PM
Error :Could not find a part of the path 'E:\GoPro9\Raw\707 A62-A66 Operations Train To Kilmore 010723'.
-------------------------------

4:53:37 PM
Error :Could not find a part of the path 'e:\gopro9\raw\Metro Jordanville To Flinders Street 290623'.
-------------------------------

4:53:37 PM
Error :Could not find a part of the path 'E:\GoPro9\raw\VLINE Bendigo To Southern Cross 250723'.
-------------------------------

4:53:37 PM
Error :Could not find a part of the path 'E:\GoPro9\raw\VLINE Southern Cross To Bendigo 250723'.
-------------------------------

4:59:03 PM
Error :unsuccessful metadata update
ALTER TABLE AUTOINSERT failed
violation of PRIMARY or UNIQUE KEY constraint "RDB$INDEX_15" on table "RDB$RELATION_FIELDS"
Problematic key value is ("RDB$FIELD_NAME" = 'ISMUXED', "RDB$RELATION_NAME" = 'AUTOINSERT')
-------------------------------

4:59:04 PM
Error :unsuccessful metadata update
ALTER TABLE AUTOINSERT failed
violation of PRIMARY or UNIQUE KEY constraint "RDB$INDEX_15" on table "RDB$RELATION_FIELDS"
Problematic key value is ("RDB$FIELD_NAME" = 'MUXDATA', "RDB$RELATION_NAME" = 'AUTOINSERT')
-------------------------------

4:59:04 PM
Error :unsuccessful metadata update
ALTER TABLE AUTOINSERTHISTORY failed
violation of PRIMARY or UNIQUE KEY constraint "RDB$INDEX_15" on table "RDB$RELATION_FIELDS"
Problematic key value is ("RDB$FIELD_NAME" = 'ISMUXED', "RDB$RELATION_NAME" = 'AUTOINSERTHISTORY')
-------------------------------

4:59:05 PM
Error :unsuccessful metadata update
ALTER TABLE AUTOINSERTHISTORY failed
violation of PRIMARY or UNIQUE KEY constraint "RDB$INDEX_15" on table "RDB$RELATION_FIELDS"
Problematic key value is ("RDB$FIELD_NAME" = 'MUXDATA', "RDB$RELATION_NAME" = 'AUTOINSERTHISTORY')
-------------------------------

4:59:05 PM
Error :Dynamic SQL Error
SQL error code = -104
Token unknown - line 1, column 105
BIGINT
-------------------------------

4:59:06 PM
Error :The parameter is incorrect. : 'D:\shorts\VLINE Southern Cross To Ballarat 180824 (shorts).mp4'
-------------------------------

4:59:06 PM
Error :Dynamic SQL Error
SQL error code = -204
Table unknown
PLANINGCUTS
At line 1, column 15
-------------------------------

4:59:06 PM
Error :An invalid connection string argument has been supplied or a required connection string argument has not been supplied.
-------------------------------

4:59:10 PM
Error :Could not find a part of the path 'E:\GoPro9\Raw\707 A62-A66 Operations Train To Kilmore 010723'.
-------------------------------

4:59:10 PM
Error :Could not find a part of the path 'e:\gopro9\raw\Metro Jordanville To Flinders Street 290623'.
-------------------------------

4:59:10 PM
Error :Could not find a part of the path 'E:\GoPro9\raw\VLINE Bendigo To Southern Cross 250723'.
-------------------------------

4:59:10 PM
Error :Could not find a part of the path 'E:\GoPro9\raw\VLINE Southern Cross To Bendigo 250723'.
-------------------------------

4:59:44 PM
Error :unsuccessful metadata update
ALTER TABLE AUTOINSERT failed
violation of PRIMARY or UNIQUE KEY constraint "RDB$INDEX_15" on table "RDB$RELATION_FIELDS"
Problematic key value is ("RDB$FIELD_NAME" = 'ISMUXED', "RDB$RELATION_NAME" = 'AUTOINSERT')
-------------------------------

4:59:45 PM
Error :unsuccessful metadata update
ALTER TABLE AUTOINSERT failed
violation of PRIMARY or UNIQUE KEY constraint "RDB$INDEX_15" on table "RDB$RELATION_FIELDS"
Problematic key value is ("RDB$FIELD_NAME" = 'MUXDATA', "RDB$RELATION_NAME" = 'AUTOINSERT')
-------------------------------

4:59:45 PM
Error :unsuccessful metadata update
ALTER TABLE AUTOINSERTHISTORY failed
violation of PRIMARY or UNIQUE KEY constraint "RDB$INDEX_15" on table "RDB$RELATION_FIELDS"
Problematic key value is ("RDB$FIELD_NAME" = 'ISMUXED', "RDB$RELATION_NAME" = 'AUTOINSERTHISTORY')
-------------------------------

4:59:45 PM
Error :unsuccessful metadata update
ALTER TABLE AUTOINSERTHISTORY failed
violation of PRIMARY or UNIQUE KEY constraint "RDB$INDEX_15" on table "RDB$RELATION_FIELDS"
Problematic key value is ("RDB$FIELD_NAME" = 'MUXDATA', "RDB$RELATION_NAME" = 'AUTOINSERTHISTORY')
-------------------------------

4:59:46 PM
Error :Dynamic SQL Error
SQL error code = -104
Token unknown - line 1, column 105
BIGINT
-------------------------------

4:59:46 PM
Error :The parameter is incorrect. : 'D:\shorts\VLINE Southern Cross To Ballarat 180824 (shorts).mp4'
-------------------------------

4:59:46 PM
Error :Dynamic SQL Error
SQL error code = -204
Table unknown
PLANINGCUTS
At line 1, column 15
-------------------------------

4:59:46 PM
Error :An invalid connection string argument has been supplied or a required connection string argument has not been supplied.
-------------------------------

4:59:54 PM
Error :Could not find a part of the path 'E:\GoPro9\Raw\707 A62-A66 Operations Train To Kilmore 010723'.
-------------------------------

4:59:54 PM
Error :Could not find a part of the path 'e:\gopro9\raw\Metro Jordanville To Flinders Street 290623'.
-------------------------------

4:59:55 PM
Error :Could not find a part of the path 'E:\GoPro9\raw\VLINE Bendigo To Southern Cross 250723'.
-------------------------------

4:59:55 PM
Error :Could not find a part of the path 'E:\GoPro9\raw\VLINE Southern Cross To Bendigo 250723'.
-------------------------------

5:00:02 PM
Error :Could not find a part of the path 'E:\GoPro9\Raw\707 A62-A66 Operations Train To Kilmore 010723'.
-------------------------------

5:00:02 PM
Error :Could not find a part of the path 'e:\gopro9\raw\Metro Jordanville To Flinders Street 290623'.
-------------------------------

5:00:02 PM
Error :Could not find a part of the path 'E:\GoPro9\raw\VLINE Bendigo To Southern Cross 250723'.
-------------------------------

5:00:02 PM
Error :Could not find a part of the path 'E:\GoPro9\raw\VLINE Southern Cross To Bendigo 250723'.
-------------------------------

5:02:59 PM
Error :unsuccessful metadata update
ALTER TABLE AUTOINSERT failed
violation of PRIMARY or UNIQUE KEY constraint "RDB$INDEX_15" on table "RDB$RELATION_FIELDS"
Problematic key value is ("RDB$FIELD_NAME" = 'ISMUXED', "RDB$RELATION_NAME" = 'AUTOINSERT')
-------------------------------

5:02:59 PM
Error :unsuccessful metadata update
ALTER TABLE AUTOINSERT failed
violation of PRIMARY or UNIQUE KEY constraint "RDB$INDEX_15" on table "RDB$RELATION_FIELDS"
Problematic key value is ("RDB$FIELD_NAME" = 'MUXDATA', "RDB$RELATION_NAME" = 'AUTOINSERT')
-------------------------------

5:02:59 PM
Error :unsuccessful metadata update
ALTER TABLE AUTOINSERTHISTORY failed
violation of PRIMARY or UNIQUE KEY constraint "RDB$INDEX_15" on table "RDB$RELATION_FIELDS"
Problematic key value is ("RDB$FIELD_NAME" = 'ISMUXED', "RDB$RELATION_NAME" = 'AUTOINSERTHISTORY')
-------------------------------

5:03:00 PM
Error :unsuccessful metadata update
ALTER TABLE AUTOINSERTHISTORY failed
violation of PRIMARY or UNIQUE KEY constraint "RDB$INDEX_15" on table "RDB$RELATION_FIELDS"
Problematic key value is ("RDB$FIELD_NAME" = 'MUXDATA', "RDB$RELATION_NAME" = 'AUTOINSERTHISTORY')
-------------------------------

5:03:00 PM
Error :Dynamic SQL Error
SQL error code = -104
Token unknown - line 1, column 105
BIGINT
-------------------------------

5:03:00 PM
Error :The parameter is incorrect. : 'D:\shorts\VLINE Southern Cross To Ballarat 180824 (shorts).mp4'
-------------------------------

5:03:01 PM
Error :Dynamic SQL Error
SQL error code = -204
Table unknown
PLANINGCUTS
At line 1, column 15
-------------------------------

5:03:01 PM
Error :An invalid connection string argument has been supplied or a required connection string argument has not been supplied.
-------------------------------

5:03:04 PM
Error :Could not find a part of the path 'E:\GoPro9\Raw\707 A62-A66 Operations Train To Kilmore 010723'.
-------------------------------

5:03:04 PM
Error :Could not find a part of the path 'e:\gopro9\raw\Metro Jordanville To Flinders Street 290623'.
-------------------------------

5:03:05 PM
Error :Could not find a part of the path 'E:\GoPro9\raw\VLINE Bendigo To Southern Cross 250723'.
-------------------------------

5:03:05 PM
Error :Could not find a part of the path 'E:\GoPro9\raw\VLINE Southern Cross To Bendigo 250723'.
-------------------------------

5:04:31 PM
Error :Could not find a part of the path 'E:\GoPro9\Raw\707 A62-A66 Operations Train To Kilmore 010723'.
-------------------------------

5:04:31 PM
Error :Could not find a part of the path 'e:\gopro9\raw\Metro Jordanville To Flinders Street 290623'.
-------------------------------

5:04:31 PM
Error :Could not find a part of the path 'E:\GoPro9\raw\VLINE Bendigo To Southern Cross 250723'.
-------------------------------

5:04:31 PM
Error :Could not find a part of the path 'E:\GoPro9\raw\VLINE Southern Cross To Bendigo 250723'.
-------------------------------

5:10:39 PM
Error :unsuccessful metadata update
ALTER TABLE AUTOINSERT failed
violation of PRIMARY or UNIQUE KEY constraint "RDB$INDEX_15" on table "RDB$RELATION_FIELDS"
Problematic key value is ("RDB$FIELD_NAME" = 'ISMUXED', "RDB$RELATION_NAME" = 'AUTOINSERT')
-------------------------------

5:10:40 PM
Error :unsuccessful metadata update
ALTER TABLE AUTOINSERT failed
violation of PRIMARY or UNIQUE KEY constraint "RDB$INDEX_15" on table "RDB$RELATION_FIELDS"
Problematic key value is ("RDB$FIELD_NAME" = 'MUXDATA', "RDB$RELATION_NAME" = 'AUTOINSERT')
-------------------------------

5:10:40 PM
Error :unsuccessful metadata update
ALTER TABLE AUTOINSERTHISTORY failed
violation of PRIMARY or UNIQUE KEY constraint "RDB$INDEX_15" on table "RDB$RELATION_FIELDS"
Problematic key value is ("RDB$FIELD_NAME" = 'ISMUXED', "RDB$RELATION_NAME" = 'AUTOINSERTHISTORY')
-------------------------------

5:10:40 PM
Error :unsuccessful metadata update
ALTER TABLE AUTOINSERTHISTORY failed
violation of PRIMARY or UNIQUE KEY constraint "RDB$INDEX_15" on table "RDB$RELATION_FIELDS"
Problematic key value is ("RDB$FIELD_NAME" = 'MUXDATA', "RDB$RELATION_NAME" = 'AUTOINSERTHISTORY')
-------------------------------

5:10:41 PM
Error :Dynamic SQL Error
SQL error code = -104
Token unknown - line 1, column 105
BIGINT
-------------------------------

5:10:41 PM
Error :The parameter is incorrect. : 'D:\shorts\VLINE Southern Cross To Ballarat 180824 (shorts).mp4'
-------------------------------

5:10:41 PM
Error :Dynamic SQL Error
SQL error code = -204
Table unknown
PLANINGCUTS
At line 1, column 15
-------------------------------

5:10:41 PM
Error :An invalid connection string argument has been supplied or a required connection string argument has not been supplied.
-------------------------------

5:10:46 PM
Error :Could not find a part of the path 'E:\GoPro9\Raw\707 A62-A66 Operations Train To Kilmore 010723'.
-------------------------------

5:10:46 PM
Error :Could not find a part of the path 'e:\gopro9\raw\Metro Jordanville To Flinders Street 290623'.
-------------------------------

5:10:47 PM
Error :Could not find a part of the path 'E:\GoPro9\raw\VLINE Bendigo To Southern Cross 250723'.
-------------------------------

5:10:47 PM
Error :Could not find a part of the path 'E:\GoPro9\raw\VLINE Southern Cross To Bendigo 250723'.
-------------------------------

5:10:57 PM
Error :Could not find a part of the path 'E:\GoPro9\Raw\707 A62-A66 Operations Train To Kilmore 010723'.
-------------------------------

5:10:57 PM
Error :Could not find a part of the path 'e:\gopro9\raw\Metro Jordanville To Flinders Street 290623'.
-------------------------------

5:10:57 PM
Error :Could not find a part of the path 'E:\GoPro9\raw\VLINE Bendigo To Southern Cross 250723'.
-------------------------------

5:10:57 PM
Error :Could not find a part of the path 'E:\GoPro9\raw\VLINE Southern Cross To Bendigo 250723'.
-------------------------------

5:13:25 PM
Error :unsuccessful metadata update
ALTER TABLE AUTOINSERT failed
violation of PRIMARY or UNIQUE KEY constraint "RDB$INDEX_15" on table "RDB$RELATION_FIELDS"
Problematic key value is ("RDB$FIELD_NAME" = 'ISMUXED', "RDB$RELATION_NAME" = 'AUTOINSERT')
-------------------------------

5:13:26 PM
Error :unsuccessful metadata update
ALTER TABLE AUTOINSERT failed
violation of PRIMARY or UNIQUE KEY constraint "RDB$INDEX_15" on table "RDB$RELATION_FIELDS"
Problematic key value is ("RDB$FIELD_NAME" = 'MUXDATA', "RDB$RELATION_NAME" = 'AUTOINSERT')
-------------------------------

5:13:26 PM
Error :unsuccessful metadata update
ALTER TABLE AUTOINSERTHISTORY failed
violation of PRIMARY or UNIQUE KEY constraint "RDB$INDEX_15" on table "RDB$RELATION_FIELDS"
Problematic key value is ("RDB$FIELD_NAME" = 'ISMUXED', "RDB$RELATION_NAME" = 'AUTOINSERTHISTORY')
-------------------------------

5:13:27 PM
Error :unsuccessful metadata update
ALTER TABLE AUTOINSERTHISTORY failed
violation of PRIMARY or UNIQUE KEY constraint "RDB$INDEX_15" on table "RDB$RELATION_FIELDS"
Problematic key value is ("RDB$FIELD_NAME" = 'MUXDATA', "RDB$RELATION_NAME" = 'AUTOINSERTHISTORY')
-------------------------------

5:13:27 PM
Error :Dynamic SQL Error
SQL error code = -104
Token unknown - line 1, column 105
BIGINT
-------------------------------

5:13:27 PM
Error :The parameter is incorrect. : 'D:\shorts\VLINE Southern Cross To Ballarat 180824 (shorts).mp4'
-------------------------------

5:13:28 PM
Error :Dynamic SQL Error
SQL error code = -204
Table unknown
PLANINGCUTS
At line 1, column 15
-------------------------------

5:13:28 PM
Error :An invalid connection string argument has been supplied or a required connection string argument has not been supplied.
-------------------------------

5:13:34 PM
Error :Could not find a part of the path 'E:\GoPro9\Raw\707 A62-A66 Operations Train To Kilmore 010723'.
-------------------------------

5:13:34 PM
Error :Could not find a part of the path 'e:\gopro9\raw\Metro Jordanville To Flinders Street 290623'.
-------------------------------

5:13:34 PM
Error :Could not find a part of the path 'E:\GoPro9\raw\VLINE Bendigo To Southern Cross 250723'.
-------------------------------

5:13:34 PM
Error :Could not find a part of the path 'E:\GoPro9\raw\VLINE Southern Cross To Bendigo 250723'.
-------------------------------

5:13:43 PM
Error :Could not find a part of the path 'E:\GoPro9\Raw\707 A62-A66 Operations Train To Kilmore 010723'.
-------------------------------

5:13:43 PM
Error :Could not find a part of the path 'e:\gopro9\raw\Metro Jordanville To Flinders Street 290623'.
-------------------------------

5:13:44 PM
Error :Could not find a part of the path 'E:\GoPro9\raw\VLINE Bendigo To Southern Cross 250723'.
-------------------------------

5:13:44 PM
Error :Could not find a part of the path 'E:\GoPro9\raw\VLINE Southern Cross To Bendigo 250723'.
-------------------------------

5:15:48 PM
Error :unsuccessful metadata update
ALTER TABLE AUTOINSERT failed
violation of PRIMARY or UNIQUE KEY constraint "RDB$INDEX_15" on table "RDB$RELATION_FIELDS"
Problematic key value is ("RDB$FIELD_NAME" = 'ISMUXED', "RDB$RELATION_NAME" = 'AUTOINSERT')
-------------------------------

5:15:49 PM
Error :unsuccessful metadata update
ALTER TABLE AUTOINSERT failed
violation of PRIMARY or UNIQUE KEY constraint "RDB$INDEX_15" on table "RDB$RELATION_FIELDS"
Problematic key value is ("RDB$FIELD_NAME" = 'MUXDATA', "RDB$RELATION_NAME" = 'AUTOINSERT')
-------------------------------

5:15:49 PM
Error :unsuccessful metadata update
ALTER TABLE AUTOINSERTHISTORY failed
violation of PRIMARY or UNIQUE KEY constraint "RDB$INDEX_15" on table "RDB$RELATION_FIELDS"
Problematic key value is ("RDB$FIELD_NAME" = 'ISMUXED', "RDB$RELATION_NAME" = 'AUTOINSERTHISTORY')
-------------------------------

5:15:50 PM
Error :unsuccessful metadata update
ALTER TABLE AUTOINSERTHISTORY failed
violation of PRIMARY or UNIQUE KEY constraint "RDB$INDEX_15" on table "RDB$RELATION_FIELDS"
Problematic key value is ("RDB$FIELD_NAME" = 'MUXDATA', "RDB$RELATION_NAME" = 'AUTOINSERTHISTORY')
-------------------------------

5:15:50 PM
Error :Dynamic SQL Error
SQL error code = -104
Token unknown - line 1, column 105
BIGINT
-------------------------------

5:15:50 PM
Error :The parameter is incorrect. : 'D:\shorts\VLINE Southern Cross To Ballarat 180824 (shorts).mp4'
-------------------------------

5:15:51 PM
Error :Dynamic SQL Error
SQL error code = -204
Table unknown
PLANINGCUTS
At line 1, column 15
-------------------------------

5:15:51 PM
Error :An invalid connection string argument has been supplied or a required connection string argument has not been supplied.
-------------------------------

5:16:04 PM
Error :Could not find a part of the path 'E:\GoPro9\Raw\707 A62-A66 Operations Train To Kilmore 010723'.
-------------------------------

5:16:04 PM
Error :Could not find a part of the path 'e:\gopro9\raw\Metro Jordanville To Flinders Street 290623'.
-------------------------------

5:16:04 PM
Error :Could not find a part of the path 'E:\GoPro9\raw\VLINE Bendigo To Southern Cross 250723'.
-------------------------------

5:16:04 PM
Error :Could not find a part of the path 'E:\GoPro9\raw\VLINE Southern Cross To Bendigo 250723'.
-------------------------------

5:16:06 PM
Error :Could not find a part of the path 'E:\GoPro9\Raw\707 A62-A66 Operations Train To Kilmore 010723'.
-------------------------------

5:16:06 PM
Error :Could not find a part of the path 'e:\gopro9\raw\Metro Jordanville To Flinders Street 290623'.
-------------------------------

5:16:07 PM
Error :Could not find a part of the path 'E:\GoPro9\raw\VLINE Bendigo To Southern Cross 250723'.
-------------------------------

5:16:07 PM
Error :Could not find a part of the path 'E:\GoPro9\raw\VLINE Southern Cross To Bendigo 250723'.
-------------------------------

5:16:58 PM
Error :unsuccessful metadata update
ALTER TABLE AUTOINSERT failed
violation of PRIMARY or UNIQUE KEY constraint "RDB$INDEX_15" on table "RDB$RELATION_FIELDS"
Problematic key value is ("RDB$FIELD_NAME" = 'ISMUXED', "RDB$RELATION_NAME" = 'AUTOINSERT')
-------------------------------

5:16:59 PM
Error :unsuccessful metadata update
ALTER TABLE AUTOINSERT failed
violation of PRIMARY or UNIQUE KEY constraint "RDB$INDEX_15" on table "RDB$RELATION_FIELDS"
Problematic key value is ("RDB$FIELD_NAME" = 'MUXDATA', "RDB$RELATION_NAME" = 'AUTOINSERT')
-------------------------------

5:16:59 PM
Error :unsuccessful metadata update
ALTER TABLE AUTOINSERTHISTORY failed
violation of PRIMARY or UNIQUE KEY constraint "RDB$INDEX_15" on table "RDB$RELATION_FIELDS"
Problematic key value is ("RDB$FIELD_NAME" = 'ISMUXED', "RDB$RELATION_NAME" = 'AUTOINSERTHISTORY')
-------------------------------

5:16:59 PM
Error :unsuccessful metadata update
ALTER TABLE AUTOINSERTHISTORY failed
violation of PRIMARY or UNIQUE KEY constraint "RDB$INDEX_15" on table "RDB$RELATION_FIELDS"
Problematic key value is ("RDB$FIELD_NAME" = 'MUXDATA', "RDB$RELATION_NAME" = 'AUTOINSERTHISTORY')
-------------------------------

5:17:00 PM
Error :Dynamic SQL Error
SQL error code = -104
Token unknown - line 1, column 105
BIGINT
-------------------------------

5:17:00 PM
Error :The parameter is incorrect. : 'D:\shorts\VLINE Southern Cross To Ballarat 180824 (shorts).mp4'
-------------------------------

5:17:00 PM
Error :Dynamic SQL Error
SQL error code = -204
Table unknown
PLANINGCUTS
At line 1, column 15
-------------------------------

5:17:00 PM
Error :An invalid connection string argument has been supplied or a required connection string argument has not been supplied.
-------------------------------

5:17:04 PM
Error :Could not find a part of the path 'E:\GoPro9\Raw\707 A62-A66 Operations Train To Kilmore 010723'.
-------------------------------

5:17:04 PM
Error :Could not find a part of the path 'e:\gopro9\raw\Metro Jordanville To Flinders Street 290623'.
-------------------------------

5:17:04 PM
Error :Could not find a part of the path 'E:\GoPro9\raw\VLINE Bendigo To Southern Cross 250723'.
-------------------------------

5:17:04 PM
Error :Could not find a part of the path 'E:\GoPro9\raw\VLINE Southern Cross To Bendigo 250723'.
-------------------------------

5:17:16 PM
Error :Could not find a part of the path 'E:\GoPro9\Raw\707 A62-A66 Operations Train To Kilmore 010723'.
-------------------------------

5:17:16 PM
Error :Could not find a part of the path 'e:\gopro9\raw\Metro Jordanville To Flinders Street 290623'.
-------------------------------

5:17:16 PM
Error :Could not find a part of the path 'E:\GoPro9\raw\VLINE Bendigo To Southern Cross 250723'.
-------------------------------

5:17:16 PM
Error :Could not find a part of the path 'E:\GoPro9\raw\VLINE Southern Cross To Bendigo 250723'.
-------------------------------

5:18:16 PM
Error :Could not find a part of the path 'E:\GoPro9\Raw\707 A62-A66 Operations Train To Kilmore 010723'.
-------------------------------

5:18:16 PM
Error :Could not find a part of the path 'e:\gopro9\raw\Metro Jordanville To Flinders Street 290623'.
-------------------------------

5:18:17 PM
Error :Could not find a part of the path 'E:\GoPro9\raw\VLINE Bendigo To Southern Cross 250723'.
-------------------------------

5:18:17 PM
Error :Could not find a part of the path 'E:\GoPro9\raw\VLINE Southern Cross To Bendigo 250723'.
-------------------------------

5:19:17 PM
Error :Could not find a part of the path 'E:\GoPro9\Raw\707 A62-A66 Operations Train To Kilmore 010723'.
-------------------------------

5:19:17 PM
Error :Could not find a part of the path 'e:\gopro9\raw\Metro Jordanville To Flinders Street 290623'.
-------------------------------

5:19:17 PM
Error :Could not find a part of the path 'E:\GoPro9\raw\VLINE Bendigo To Southern Cross 250723'.
-------------------------------

5:19:17 PM
Error :Could not find a part of the path 'E:\GoPro9\raw\VLINE Southern Cross To Bendigo 250723'.
-------------------------------

5:20:17 PM
Error :Could not find a part of the path 'E:\GoPro9\Raw\707 A62-A66 Operations Train To Kilmore 010723'.
-------------------------------

5:20:17 PM
Error :Could not find a part of the path 'e:\gopro9\raw\Metro Jordanville To Flinders Street 290623'.
-------------------------------

5:20:17 PM
Error :Could not find a part of the path 'E:\GoPro9\raw\VLINE Bendigo To Southern Cross 250723'.
-------------------------------

5:20:17 PM
Error :Could not find a part of the path 'E:\GoPro9\raw\VLINE Southern Cross To Bendigo 250723'.
-------------------------------

5:21:17 PM
Error :Could not find a part of the path 'E:\GoPro9\Raw\707 A62-A66 Operations Train To Kilmore 010723'.
-------------------------------

5:21:17 PM
Error :Could not find a part of the path 'e:\gopro9\raw\Metro Jordanville To Flinders Street 290623'.
-------------------------------

5:21:18 PM
Error :Could not find a part of the path 'E:\GoPro9\raw\VLINE Bendigo To Southern Cross 250723'.
-------------------------------

5:21:18 PM
Error :Could not find a part of the path 'E:\GoPro9\raw\VLINE Southern Cross To Bendigo 250723'.
-------------------------------

5:22:18 PM
Error :Could not find a part of the path 'E:\GoPro9\Raw\707 A62-A66 Operations Train To Kilmore 010723'.
-------------------------------

5:22:18 PM
Error :Could not find a part of the path 'e:\gopro9\raw\Metro Jordanville To Flinders Street 290623'.
-------------------------------

5:22:18 PM
Error :Could not find a part of the path 'E:\GoPro9\raw\VLINE Bendigo To Southern Cross 250723'.
-------------------------------

5:22:18 PM
Error :Could not find a part of the path 'E:\GoPro9\raw\VLINE Southern Cross To Bendigo 250723'.
-------------------------------

5:23:05 PM
Error :Could not find a part of the path 'E:\GoPro9\Raw\707 A62-A66 Operations Train To Kilmore 010723'.
-------------------------------

5:23:05 PM
Error :Could not find a part of the path 'e:\gopro9\raw\Metro Jordanville To Flinders Street 290623'.
-------------------------------

5:23:05 PM
Error :Could not find a part of the path 'E:\GoPro9\raw\VLINE Bendigo To Southern Cross 250723'.
-------------------------------

5:23:05 PM
Error :Could not find a part of the path 'E:\GoPro9\raw\VLINE Southern Cross To Bendigo 250723'.
-------------------------------

5:24:36 PM
Error :I/O error during "CreateFile (open)" operation for file "C:\VIDEOGUI\VIDEOGUI.FDB"
Error while trying to open file
-------------------------------

5:24:37 PM
Error :I/O error during "CreateFile (open)" operation for file "C:\VIDEOGUI\VIDEOGUI.FDB"
Error while trying to open file
-------------------------------

5:24:37 PM
Error :I/O error during "CreateFile (open)" operation for file "C:\VIDEOGUI\VIDEOGUI.FDB"
Error while trying to open file
-------------------------------

5:24:38 PM
Error :I/O error during "CreateFile (open)" operation for file "C:\VIDEOGUI\VIDEOGUI.FDB"
Error while trying to open file
-------------------------------

5:24:38 PM
Error :I/O error during "CreateFile (open)" operation for file "C:\VIDEOGUI\VIDEOGUI.FDB"
Error while trying to open file
-------------------------------

5:24:38 PM
Error :I/O error during "CreateFile (open)" operation for file "C:\VIDEOGUI\VIDEOGUI.FDB"
Error while trying to open file
-------------------------------

5:24:39 PM
Error :I/O error during "CreateFile (open)" operation for file "C:\VIDEOGUI\VIDEOGUI.FDB"
Error while trying to open file
-------------------------------

5:24:39 PM
Error :I/O error during "CreateFile (open)" operation for file "C:\VIDEOGUI\VIDEOGUI.FDB"
Error while trying to open file
-------------------------------

5:24:40 PM
Error :I/O error during "CreateFile (open)" operation for file "C:\VIDEOGUI\VIDEOGUI.FDB"
Error while trying to open file
-------------------------------

5:24:40 PM
Error :I/O error during "CreateFile (open)" operation for file "C:\VIDEOGUI\VIDEOGUI.FDB"
Error while trying to open file
-------------------------------

5:24:40 PM
Error :I/O error during "CreateFile (open)" operation for file "C:\VIDEOGUI\VIDEOGUI.FDB"
Error while trying to open file
-------------------------------

5:24:41 PM
Error :I/O error during "CreateFile (open)" operation for file "C:\VIDEOGUI\VIDEOGUI.FDB"
Error while trying to open file
-------------------------------

5:24:41 PM
Error :I/O error during "CreateFile (open)" operation for file "C:\VIDEOGUI\VIDEOGUI.FDB"
Error while trying to open file
-------------------------------

5:24:42 PM
Error :I/O error during "CreateFile (open)" operation for file "C:\VIDEOGUI\VIDEOGUI.FDB"
Error while trying to open file
-------------------------------

5:24:42 PM
Error :I/O error during "CreateFile (open)" operation for file "C:\VIDEOGUI\VIDEOGUI.FDB"
Error while trying to open file
-------------------------------

5:24:42 PM
Error :I/O error during "CreateFile (open)" operation for file "C:\VIDEOGUI\VIDEOGUI.FDB"
Error while trying to open file
-------------------------------

5:24:43 PM
Error :I/O error during "CreateFile (open)" operation for file "C:\VIDEOGUI\VIDEOGUI.FDB"
Error while trying to open file
-------------------------------

5:24:43 PM
Error :I/O error during "CreateFile (open)" operation for file "C:\VIDEOGUI\VIDEOGUI.FDB"
Error while trying to open file
-------------------------------

5:24:43 PM
Error :I/O error during "CreateFile (open)" operation for file "C:\VIDEOGUI\VIDEOGUI.FDB"
Error while trying to open file
-------------------------------

5:24:44 PM
Error :I/O error during "CreateFile (open)" operation for file "C:\VIDEOGUI\VIDEOGUI.FDB"
Error while trying to open file
-------------------------------

5:24:44 PM
Error :I/O error during "CreateFile (open)" operation for file "C:\VIDEOGUI\VIDEOGUI.FDB"
Error while trying to open file
-------------------------------

5:24:45 PM
Error :I/O error during "CreateFile (open)" operation for file "C:\VIDEOGUI\VIDEOGUI.FDB"
Error while trying to open file
-------------------------------

5:24:45 PM
Error :I/O error during "CreateFile (open)" operation for file "C:\VIDEOGUI\VIDEOGUI.FDB"
Error while trying to open file
-------------------------------

5:24:45 PM
Error :I/O error during "CreateFile (open)" operation for file "C:\VIDEOGUI\VIDEOGUI.FDB"
Error while trying to open file
-------------------------------

5:24:46 PM
Error :I/O error during "CreateFile (open)" operation for file "C:\VIDEOGUI\VIDEOGUI.FDB"
Error while trying to open file
-------------------------------

5:24:46 PM
Error :I/O error during "CreateFile (open)" operation for file "C:\VIDEOGUI\VIDEOGUI.FDB"
Error while trying to open file
-------------------------------

5:24:47 PM
Error :I/O error during "CreateFile (open)" operation for file "C:\VIDEOGUI\VIDEOGUI.FDB"
Error while trying to open file
-------------------------------

5:24:47 PM
Error :I/O error during "CreateFile (open)" operation for file "C:\VIDEOGUI\VIDEOGUI.FDB"
Error while trying to open file
-------------------------------

5:24:47 PM
Error :I/O error during "CreateFile (open)" operation for file "C:\VIDEOGUI\VIDEOGUI.FDB"
Error while trying to open file
-------------------------------

5:24:48 PM
Error :I/O error during "CreateFile (open)" operation for file "C:\VIDEOGUI\VIDEOGUI.FDB"
Error while trying to open file
-------------------------------

5:25:18 PM
Error :I/O error during "CreateFile (open)" operation for file "C:\VIDEOGUI\VIDEOGUI.FDB"
Error while trying to open file
-------------------------------

5:25:18 PM
Error :I/O error during "CreateFile (open)" operation for file "C:\VIDEOGUI\VIDEOGUI.FDB"
Error while trying to open file
-------------------------------

5:25:18 PM
Error :I/O error during "CreateFile (open)" operation for file "C:\VIDEOGUI\VIDEOGUI.FDB"
Error while trying to open file
-------------------------------

5:25:19 PM
Error :I/O error during "CreateFile (open)" operation for file "C:\VIDEOGUI\VIDEOGUI.FDB"
Error while trying to open file
-------------------------------

5:25:19 PM
Error :I/O error during "CreateFile (open)" operation for file "C:\VIDEOGUI\VIDEOGUI.FDB"
Error while trying to open file
-------------------------------

5:25:20 PM
Error :I/O error during "CreateFile (open)" operation for file "C:\VIDEOGUI\VIDEOGUI.FDB"
Error while trying to open file
-------------------------------

5:25:20 PM
Error :I/O error during "CreateFile (open)" operation for file "C:\VIDEOGUI\VIDEOGUI.FDB"
Error while trying to open file
-------------------------------

5:25:21 PM
Error :I/O error during "CreateFile (open)" operation for file "C:\VIDEOGUI\VIDEOGUI.FDB"
Error while trying to open file
-------------------------------

5:25:21 PM
Error :I/O error during "CreateFile (open)" operation for file "C:\VIDEOGUI\VIDEOGUI.FDB"
Error while trying to open file
-------------------------------

5:25:21 PM
Error :I/O error during "CreateFile (open)" operation for file "C:\VIDEOGUI\VIDEOGUI.FDB"
Error while trying to open file
-------------------------------

5:25:22 PM
Error :I/O error during "CreateFile (open)" operation for file "C:\VIDEOGUI\VIDEOGUI.FDB"
Error while trying to open file
-------------------------------

5:25:22 PM
Error :I/O error during "CreateFile (open)" operation for file "C:\VIDEOGUI\VIDEOGUI.FDB"
Error while trying to open file
-------------------------------

5:25:22 PM
Error :I/O error during "CreateFile (open)" operation for file "C:\VIDEOGUI\VIDEOGUI.FDB"
Error while trying to open file
-------------------------------

5:25:23 PM
Error :I/O error during "CreateFile (open)" operation for file "C:\VIDEOGUI\VIDEOGUI.FDB"
Error while trying to open file
-------------------------------

5:25:23 PM
Error :I/O error during "CreateFile (open)" operation for file "C:\VIDEOGUI\VIDEOGUI.FDB"
Error while trying to open file
-------------------------------

5:25:24 PM
Error :I/O error during "CreateFile (open)" operation for file "C:\VIDEOGUI\VIDEOGUI.FDB"
Error while trying to open file
-------------------------------

5:25:24 PM
Error :I/O error during "CreateFile (open)" operation for file "C:\VIDEOGUI\VIDEOGUI.FDB"
Error while trying to open file
-------------------------------

5:25:24 PM
Error :I/O error during "CreateFile (open)" operation for file "C:\VIDEOGUI\VIDEOGUI.FDB"
Error while trying to open file
-------------------------------

5:25:25 PM
Error :I/O error during "CreateFile (open)" operation for file "C:\VIDEOGUI\VIDEOGUI.FDB"
Error while trying to open file
-------------------------------

5:25:25 PM
Error :I/O error during "CreateFile (open)" operation for file "C:\VIDEOGUI\VIDEOGUI.FDB"
Error while trying to open file
-------------------------------

5:25:26 PM
Error :I/O error during "CreateFile (open)" operation for file "C:\VIDEOGUI\VIDEOGUI.FDB"
Error while trying to open file
-------------------------------

5:25:26 PM
Error :I/O error during "CreateFile (open)" operation for file "C:\VIDEOGUI\VIDEOGUI.FDB"
Error while trying to open file
-------------------------------

5:25:26 PM
Error :I/O error during "CreateFile (open)" operation for file "C:\VIDEOGUI\VIDEOGUI.FDB"
Error while trying to open file
-------------------------------

5:25:27 PM
Error :I/O error during "CreateFile (open)" operation for file "C:\VIDEOGUI\VIDEOGUI.FDB"
Error while trying to open file
-------------------------------

5:25:27 PM
Error :I/O error during "CreateFile (open)" operation for file "C:\VIDEOGUI\VIDEOGUI.FDB"
Error while trying to open file
-------------------------------

5:25:28 PM
Error :I/O error during "CreateFile (open)" operation for file "C:\VIDEOGUI\VIDEOGUI.FDB"
Error while trying to open file
-------------------------------

5:25:28 PM
Error :I/O error during "CreateFile (open)" operation for file "C:\VIDEOGUI\VIDEOGUI.FDB"
Error while trying to open file
-------------------------------

5:25:28 PM
Error :I/O error during "CreateFile (open)" operation for file "C:\VIDEOGUI\VIDEOGUI.FDB"
Error while trying to open file
-------------------------------

5:25:29 PM
Error :I/O error during "CreateFile (open)" operation for file "C:\VIDEOGUI\VIDEOGUI.FDB"
Error while trying to open file
-------------------------------

5:25:29 PM
Error :I/O error during "CreateFile (open)" operation for file "C:\VIDEOGUI\VIDEOGUI.FDB"
Error while trying to open file
-------------------------------

5:25:29 PM
Error :I/O error during "CreateFile (open)" operation for file "C:\VIDEOGUI\VIDEOGUI.FDB"
Error while trying to open file
-------------------------------

5:25:30 PM
Error :I/O error during "CreateFile (open)" operation for file "C:\VIDEOGUI\VIDEOGUI.FDB"
Error while trying to open file
-------------------------------

5:25:30 PM
Error :I/O error during "CreateFile (open)" operation for file "C:\VIDEOGUI\VIDEOGUI.FDB"
Error while trying to open file
-------------------------------

5:25:31 PM
Error :I/O error during "CreateFile (open)" operation for file "C:\VIDEOGUI\VIDEOGUI.FDB"
Error while trying to open file
-------------------------------

5:25:31 PM
Error :I/O error during "CreateFile (open)" operation for file "C:\VIDEOGUI\VIDEOGUI.FDB"
Error while trying to open file
-------------------------------

5:25:31 PM
Error :I/O error during "CreateFile (open)" operation for file "C:\VIDEOGUI\VIDEOGUI.FDB"
Error while trying to open file
-------------------------------

5:25:32 PM
Error :I/O error during "CreateFile (open)" operation for file "C:\VIDEOGUI\VIDEOGUI.FDB"
Error while trying to open file
-------------------------------

5:25:32 PM
Error :I/O error during "CreateFile (open)" operation for file "C:\VIDEOGUI\VIDEOGUI.FDB"
Error while trying to open file
-------------------------------

5:25:33 PM
Error :I/O error during "CreateFile (open)" operation for file "C:\VIDEOGUI\VIDEOGUI.FDB"
Error while trying to open file
-------------------------------

5:25:33 PM
Error :I/O error during "CreateFile (open)" operation for file "C:\VIDEOGUI\VIDEOGUI.FDB"
Error while trying to open file
-------------------------------

5:25:33 PM
Error :I/O error during "CreateFile (open)" operation for file "C:\VIDEOGUI\VIDEOGUI.FDB"
Error while trying to open file
-------------------------------

5:25:34 PM
Error :I/O error during "CreateFile (open)" operation for file "C:\VIDEOGUI\VIDEOGUI.FDB"
Error while trying to open file
-------------------------------

5:25:34 PM
Error :I/O error during "CreateFile (open)" operation for file "C:\VIDEOGUI\VIDEOGUI.FDB"
Error while trying to open file
-------------------------------

5:25:35 PM
Error :I/O error during "CreateFile (open)" operation for file "C:\VIDEOGUI\VIDEOGUI.FDB"
Error while trying to open file
-------------------------------

5:25:35 PM
Error :I/O error during "CreateFile (open)" operation for file "C:\VIDEOGUI\VIDEOGUI.FDB"
Error while trying to open file
-------------------------------

5:25:35 PM
Error :An invalid connection string argument has been supplied or a required connection string argument has not been supplied.
-------------------------------

5:25:39 PM
Error :Could not find a part of the path 'E:\GoPro9\Raw\707 A62-A66 Operations Train To Kilmore 010723'.
-------------------------------

5:25:39 PM
Error :Could not find a part of the path 'e:\gopro9\raw\Metro Jordanville To Flinders Street 290623'.
-------------------------------

5:25:39 PM
Error :Could not find a part of the path 'E:\GoPro9\raw\VLINE Bendigo To Southern Cross 250723'.
-------------------------------

5:25:39 PM
Error :Could not find a part of the path 'E:\GoPro9\raw\VLINE Southern Cross To Bendigo 250723'.
-------------------------------

5:25:58 PM
Error :I/O error during "CreateFile (open)" operation for file "C:\VIDEOGUI\VIDEOGUI.FDB"
Error while trying to open file
-------------------------------

5:25:59 PM
Error :I/O error during "CreateFile (open)" operation for file "C:\VIDEOGUI\VIDEOGUI.FDB"
Error while trying to open file
-------------------------------

5:25:59 PM
Error :I/O error during "CreateFile (open)" operation for file "C:\VIDEOGUI\VIDEOGUI.FDB"
Error while trying to open file
-------------------------------

5:25:59 PM
Error :I/O error during "CreateFile (open)" operation for file "C:\VIDEOGUI\VIDEOGUI.FDB"
Error while trying to open file
-------------------------------

5:26:00 PM
Error :I/O error during "CreateFile (open)" operation for file "C:\VIDEOGUI\VIDEOGUI.FDB"
Error while trying to open file
-------------------------------

5:26:00 PM
Error :I/O error during "CreateFile (open)" operation for file "C:\VIDEOGUI\VIDEOGUI.FDB"
Error while trying to open file
-------------------------------

5:26:01 PM
Error :I/O error during "CreateFile (open)" operation for file "C:\VIDEOGUI\VIDEOGUI.FDB"
Error while trying to open file
-------------------------------

5:26:01 PM
Error :I/O error during "CreateFile (open)" operation for file "C:\VIDEOGUI\VIDEOGUI.FDB"
Error while trying to open file
-------------------------------

5:26:01 PM
Error :I/O error during "CreateFile (open)" operation for file "C:\VIDEOGUI\VIDEOGUI.FDB"
Error while trying to open file
-------------------------------

5:26:02 PM
Error :I/O error during "CreateFile (open)" operation for file "C:\VIDEOGUI\VIDEOGUI.FDB"
Error while trying to open file
-------------------------------

5:26:02 PM
Error :I/O error during "CreateFile (open)" operation for file "C:\VIDEOGUI\VIDEOGUI.FDB"
Error while trying to open file
-------------------------------

5:26:02 PM
Error :I/O error during "CreateFile (open)" operation for file "C:\VIDEOGUI\VIDEOGUI.FDB"
Error while trying to open file
-------------------------------

5:26:03 PM
Error :I/O error during "CreateFile (open)" operation for file "C:\VIDEOGUI\VIDEOGUI.FDB"
Error while trying to open file
-------------------------------

5:26:03 PM
Error :I/O error during "CreateFile (open)" operation for file "C:\VIDEOGUI\VIDEOGUI.FDB"
Error while trying to open file
-------------------------------

5:26:04 PM
Error :I/O error during "CreateFile (open)" operation for file "C:\VIDEOGUI\VIDEOGUI.FDB"
Error while trying to open file
-------------------------------

5:26:04 PM
Error :I/O error during "CreateFile (open)" operation for file "C:\VIDEOGUI\VIDEOGUI.FDB"
Error while trying to open file
-------------------------------

5:26:04 PM
Error :I/O error during "CreateFile (open)" operation for file "C:\VIDEOGUI\VIDEOGUI.FDB"
Error while trying to open file
-------------------------------

5:26:05 PM
Error :I/O error during "CreateFile (open)" operation for file "C:\VIDEOGUI\VIDEOGUI.FDB"
Error while trying to open file
-------------------------------

5:26:05 PM
Error :I/O error during "CreateFile (open)" operation for file "C:\VIDEOGUI\VIDEOGUI.FDB"
Error while trying to open file
-------------------------------

5:26:06 PM
Error :I/O error during "CreateFile (open)" operation for file "C:\VIDEOGUI\VIDEOGUI.FDB"
Error while trying to open file
-------------------------------

5:26:06 PM
Error :I/O error during "CreateFile (open)" operation for file "C:\VIDEOGUI\VIDEOGUI.FDB"
Error while trying to open file
-------------------------------

5:26:06 PM
Error :I/O error during "CreateFile (open)" operation for file "C:\VIDEOGUI\VIDEOGUI.FDB"
Error while trying to open file
-------------------------------

5:26:07 PM
Error :I/O error during "CreateFile (open)" operation for file "C:\VIDEOGUI\VIDEOGUI.FDB"
Error while trying to open file
-------------------------------

5:26:07 PM
Error :I/O error during "CreateFile (open)" operation for file "C:\VIDEOGUI\VIDEOGUI.FDB"
Error while trying to open file
-------------------------------

5:26:07 PM
Error :I/O error during "CreateFile (open)" operation for file "C:\VIDEOGUI\VIDEOGUI.FDB"
Error while trying to open file
-------------------------------

5:26:08 PM
Error :I/O error during "CreateFile (open)" operation for file "C:\VIDEOGUI\VIDEOGUI.FDB"
Error while trying to open file
-------------------------------

5:26:08 PM
Error :I/O error during "CreateFile (open)" operation for file "C:\VIDEOGUI\VIDEOGUI.FDB"
Error while trying to open file
-------------------------------

5:26:09 PM
Error :I/O error during "CreateFile (open)" operation for file "C:\VIDEOGUI\VIDEOGUI.FDB"
Error while trying to open file
-------------------------------

5:26:09 PM
Error :I/O error during "CreateFile (open)" operation for file "C:\VIDEOGUI\VIDEOGUI.FDB"
Error while trying to open file
-------------------------------

5:26:09 PM
Error :I/O error during "CreateFile (open)" operation for file "C:\VIDEOGUI\VIDEOGUI.FDB"
Error while trying to open file
-------------------------------

5:26:10 PM
Error :I/O error during "CreateFile (open)" operation for file "C:\VIDEOGUI\VIDEOGUI.FDB"
Error while trying to open file
-------------------------------

5:26:10 PM
Error :I/O error during "CreateFile (open)" operation for file "C:\VIDEOGUI\VIDEOGUI.FDB"
Error while trying to open file
-------------------------------

5:26:11 PM
Error :I/O error during "CreateFile (open)" operation for file "C:\VIDEOGUI\VIDEOGUI.FDB"
Error while trying to open file
-------------------------------

5:26:11 PM
Error :I/O error during "CreateFile (open)" operation for file "C:\VIDEOGUI\VIDEOGUI.FDB"
Error while trying to open file
-------------------------------

5:26:11 PM
Error :I/O error during "CreateFile (open)" operation for file "C:\VIDEOGUI\VIDEOGUI.FDB"
Error while trying to open file
-------------------------------

5:26:12 PM
Error :I/O error during "CreateFile (open)" operation for file "C:\VIDEOGUI\VIDEOGUI.FDB"
Error while trying to open file
-------------------------------

5:26:12 PM
Error :I/O error during "CreateFile (open)" operation for file "C:\VIDEOGUI\VIDEOGUI.FDB"
Error while trying to open file
-------------------------------

5:26:13 PM
Error :I/O error during "CreateFile (open)" operation for file "C:\VIDEOGUI\VIDEOGUI.FDB"
Error while trying to open file
-------------------------------

5:26:13 PM
Error :I/O error during "CreateFile (open)" operation for file "C:\VIDEOGUI\VIDEOGUI.FDB"
Error while trying to open file
-------------------------------

5:26:13 PM
Error :I/O error during "CreateFile (open)" operation for file "C:\VIDEOGUI\VIDEOGUI.FDB"
Error while trying to open file
-------------------------------

5:26:14 PM
Error :I/O error during "CreateFile (open)" operation for file "C:\VIDEOGUI\VIDEOGUI.FDB"
Error while trying to open file
-------------------------------

5:26:14 PM
Error :I/O error during "CreateFile (open)" operation for file "C:\VIDEOGUI\VIDEOGUI.FDB"
Error while trying to open file
-------------------------------

5:26:14 PM
Error :I/O error during "CreateFile (open)" operation for file "C:\VIDEOGUI\VIDEOGUI.FDB"
Error while trying to open file
-------------------------------

5:26:15 PM
Error :I/O error during "CreateFile (open)" operation for file "C:\VIDEOGUI\VIDEOGUI.FDB"
Error while trying to open file
-------------------------------

5:26:15 PM
Error :I/O error during "CreateFile (open)" operation for file "C:\VIDEOGUI\VIDEOGUI.FDB"
Error while trying to open file
-------------------------------

5:26:15 PM
Error :An invalid connection string argument has been supplied or a required connection string argument has not been supplied.
-------------------------------

5:26:18 PM
Error :Could not find a part of the path 'E:\GoPro9\Raw\707 A62-A66 Operations Train To Kilmore 010723'.
-------------------------------

5:26:18 PM
Error :Could not find a part of the path 'e:\gopro9\raw\Metro Jordanville To Flinders Street 290623'.
-------------------------------

5:26:18 PM
Error :Could not find a part of the path 'E:\GoPro9\raw\VLINE Bendigo To Southern Cross 250723'.
-------------------------------

5:26:18 PM
Error :Could not find a part of the path 'E:\GoPro9\raw\VLINE Southern Cross To Bendigo 250723'.
-------------------------------

5:26:35 PM
Error :unsuccessful metadata update
ALTER TABLE AUTOINSERT failed
violation of PRIMARY or UNIQUE KEY constraint "RDB$INDEX_15" on table "RDB$RELATION_FIELDS"
Problematic key value is ("RDB$FIELD_NAME" = 'ISMUXED', "RDB$RELATION_NAME" = 'AUTOINSERT')
-------------------------------

5:26:35 PM
Error :unsuccessful metadata update
ALTER TABLE AUTOINSERT failed
violation of PRIMARY or UNIQUE KEY constraint "RDB$INDEX_15" on table "RDB$RELATION_FIELDS"
Problematic key value is ("RDB$FIELD_NAME" = 'MUXDATA', "RDB$RELATION_NAME" = 'AUTOINSERT')
-------------------------------

5:26:36 PM
Error :unsuccessful metadata update
ALTER TABLE AUTOINSERTHISTORY failed
violation of PRIMARY or UNIQUE KEY constraint "RDB$INDEX_15" on table "RDB$RELATION_FIELDS"
Problematic key value is ("RDB$FIELD_NAME" = 'ISMUXED', "RDB$RELATION_NAME" = 'AUTOINSERTHISTORY')
-------------------------------

5:26:36 PM
Error :unsuccessful metadata update
ALTER TABLE AUTOINSERTHISTORY failed
violation of PRIMARY or UNIQUE KEY constraint "RDB$INDEX_15" on table "RDB$RELATION_FIELDS"
Problematic key value is ("RDB$FIELD_NAME" = 'MUXDATA', "RDB$RELATION_NAME" = 'AUTOINSERTHISTORY')
-------------------------------

5:26:36 PM
Error :Dynamic SQL Error
SQL error code = -104
Token unknown - line 1, column 105
BIGINT
-------------------------------

5:26:37 PM
Error :The parameter is incorrect. : 'D:\shorts\VLINE Southern Cross To Ballarat 180824 (shorts).mp4'
-------------------------------

5:26:37 PM
Error :Dynamic SQL Error
SQL error code = -204
Table unknown
PLANINGCUTS
At line 1, column 15
-------------------------------

5:26:37 PM
Error :An invalid connection string argument has been supplied or a required connection string argument has not been supplied.
-------------------------------

5:26:40 PM
Error :Could not find a part of the path 'E:\GoPro9\Raw\707 A62-A66 Operations Train To Kilmore 010723'.
-------------------------------

5:26:40 PM
Error :Could not find a part of the path 'e:\gopro9\raw\Metro Jordanville To Flinders Street 290623'.
-------------------------------

5:26:40 PM
Error :Could not find a part of the path 'E:\GoPro9\raw\VLINE Bendigo To Southern Cross 250723'.
-------------------------------

5:26:40 PM
Error :Could not find a part of the path 'E:\GoPro9\raw\VLINE Southern Cross To Bendigo 250723'.
-------------------------------

5:28:05 PM
Error :unsuccessful metadata update
ALTER TABLE AUTOINSERT failed
violation of PRIMARY or UNIQUE KEY constraint "RDB$INDEX_15" on table "RDB$RELATION_FIELDS"
Problematic key value is ("RDB$FIELD_NAME" = 'ISMUXED', "RDB$RELATION_NAME" = 'AUTOINSERT')
-------------------------------

5:28:05 PM
Error :unsuccessful metadata update
ALTER TABLE AUTOINSERT failed
violation of PRIMARY or UNIQUE KEY constraint "RDB$INDEX_15" on table "RDB$RELATION_FIELDS"
Problematic key value is ("RDB$FIELD_NAME" = 'MUXDATA', "RDB$RELATION_NAME" = 'AUTOINSERT')
-------------------------------

5:28:05 PM
Error :unsuccessful metadata update
ALTER TABLE AUTOINSERTHISTORY failed
violation of PRIMARY or UNIQUE KEY constraint "RDB$INDEX_15" on table "RDB$RELATION_FIELDS"
Problematic key value is ("RDB$FIELD_NAME" = 'ISMUXED', "RDB$RELATION_NAME" = 'AUTOINSERTHISTORY')
-------------------------------

5:28:06 PM
Error :unsuccessful metadata update
ALTER TABLE AUTOINSERTHISTORY failed
violation of PRIMARY or UNIQUE KEY constraint "RDB$INDEX_15" on table "RDB$RELATION_FIELDS"
Problematic key value is ("RDB$FIELD_NAME" = 'MUXDATA', "RDB$RELATION_NAME" = 'AUTOINSERTHISTORY')
-------------------------------

5:28:06 PM
Error :Dynamic SQL Error
SQL error code = -104
Token unknown - line 1, column 105
BIGINT
-------------------------------

5:28:06 PM
Error :The parameter is incorrect. : 'D:\shorts\VLINE Southern Cross To Ballarat 180824 (shorts).mp4'
-------------------------------

5:28:07 PM
Error :Dynamic SQL Error
SQL error code = -204
Table unknown
PLANINGCUTS
At line 1, column 15
-------------------------------

5:28:07 PM
Error :An invalid connection string argument has been supplied or a required connection string argument has not been supplied.
-------------------------------

5:28:20 PM
Error :Could not find a part of the path 'E:\GoPro9\Raw\707 A62-A66 Operations Train To Kilmore 010723'.
-------------------------------

5:28:20 PM
Error :Could not find a part of the path 'e:\gopro9\raw\Metro Jordanville To Flinders Street 290623'.
-------------------------------

5:28:20 PM
Error :Could not find a part of the path 'E:\GoPro9\raw\VLINE Bendigo To Southern Cross 250723'.
-------------------------------

5:28:20 PM
Error :Could not find a part of the path 'E:\GoPro9\raw\VLINE Southern Cross To Bendigo 250723'.
-------------------------------

5:28:23 PM
Error :Could not find a part of the path 'E:\GoPro9\Raw\707 A62-A66 Operations Train To Kilmore 010723'.
-------------------------------

5:28:23 PM
Error :Could not find a part of the path 'e:\gopro9\raw\Metro Jordanville To Flinders Street 290623'.
-------------------------------

5:28:23 PM
Error :Could not find a part of the path 'E:\GoPro9\raw\VLINE Bendigo To Southern Cross 250723'.
-------------------------------

5:28:23 PM
Error :Could not find a part of the path 'E:\GoPro9\raw\VLINE Southern Cross To Bendigo 250723'.
-------------------------------

5:31:18 PM
Error :unsuccessful metadata update
ALTER TABLE AUTOINSERT failed
violation of PRIMARY or UNIQUE KEY constraint "RDB$INDEX_15" on table "RDB$RELATION_FIELDS"
Problematic key value is ("RDB$FIELD_NAME" = 'ISMUXED', "RDB$RELATION_NAME" = 'AUTOINSERT')
-------------------------------

5:31:19 PM
Error :unsuccessful metadata update
ALTER TABLE AUTOINSERT failed
violation of PRIMARY or UNIQUE KEY constraint "RDB$INDEX_15" on table "RDB$RELATION_FIELDS"
Problematic key value is ("RDB$FIELD_NAME" = 'MUXDATA', "RDB$RELATION_NAME" = 'AUTOINSERT')
-------------------------------

5:31:19 PM
Error :unsuccessful metadata update
ALTER TABLE AUTOINSERTHISTORY failed
violation of PRIMARY or UNIQUE KEY constraint "RDB$INDEX_15" on table "RDB$RELATION_FIELDS"
Problematic key value is ("RDB$FIELD_NAME" = 'ISMUXED', "RDB$RELATION_NAME" = 'AUTOINSERTHISTORY')
-------------------------------

5:31:19 PM
Error :unsuccessful metadata update
ALTER TABLE AUTOINSERTHISTORY failed
violation of PRIMARY or UNIQUE KEY constraint "RDB$INDEX_15" on table "RDB$RELATION_FIELDS"
Problematic key value is ("RDB$FIELD_NAME" = 'MUXDATA', "RDB$RELATION_NAME" = 'AUTOINSERTHISTORY')
-------------------------------

5:31:20 PM
Error :Dynamic SQL Error
SQL error code = -104
Token unknown - line 1, column 105
BIGINT
-------------------------------

5:31:20 PM
Error :The parameter is incorrect. : 'D:\shorts\VLINE Southern Cross To Ballarat 180824 (shorts).mp4'
-------------------------------

5:31:20 PM
Error :Dynamic SQL Error
SQL error code = -204
Table unknown
PLANINGCUTS
At line 1, column 15
-------------------------------

5:31:20 PM
Error :An invalid connection string argument has been supplied or a required connection string argument has not been supplied.
-------------------------------

5:31:36 PM
Error :Could not find a part of the path 'E:\GoPro9\Raw\707 A62-A66 Operations Train To Kilmore 010723'.
-------------------------------

5:31:36 PM
Error :Could not find a part of the path 'e:\gopro9\raw\Metro Jordanville To Flinders Street 290623'.
-------------------------------

5:31:36 PM
Error :Could not find a part of the path 'E:\GoPro9\raw\VLINE Bendigo To Southern Cross 250723'.
-------------------------------

5:31:37 PM
Error :Could not find a part of the path 'E:\GoPro9\raw\VLINE Southern Cross To Bendigo 250723'.
-------------------------------

5:32:37 PM
Error :Could not find a part of the path 'E:\GoPro9\Raw\707 A62-A66 Operations Train To Kilmore 010723'.
-------------------------------

5:32:37 PM
Error :Could not find a part of the path 'e:\gopro9\raw\Metro Jordanville To Flinders Street 290623'.
-------------------------------

5:32:37 PM
Error :Could not find a part of the path 'E:\GoPro9\raw\VLINE Bendigo To Southern Cross 250723'.
-------------------------------

5:32:37 PM
Error :Could not find a part of the path 'E:\GoPro9\raw\VLINE Southern Cross To Bendigo 250723'.
-------------------------------

5:33:46 PM
Error :unsuccessful metadata update
ALTER TABLE AUTOINSERT failed
violation of PRIMARY or UNIQUE KEY constraint "RDB$INDEX_15" on table "RDB$RELATION_FIELDS"
Problematic key value is ("RDB$FIELD_NAME" = 'ISMUXED', "RDB$RELATION_NAME" = 'AUTOINSERT')
-------------------------------

5:33:46 PM
Error :unsuccessful metadata update
ALTER TABLE AUTOINSERT failed
violation of PRIMARY or UNIQUE KEY constraint "RDB$INDEX_15" on table "RDB$RELATION_FIELDS"
Problematic key value is ("RDB$FIELD_NAME" = 'MUXDATA', "RDB$RELATION_NAME" = 'AUTOINSERT')
-------------------------------

5:33:47 PM
Error :unsuccessful metadata update
ALTER TABLE AUTOINSERTHISTORY failed
violation of PRIMARY or UNIQUE KEY constraint "RDB$INDEX_15" on table "RDB$RELATION_FIELDS"
Problematic key value is ("RDB$FIELD_NAME" = 'ISMUXED', "RDB$RELATION_NAME" = 'AUTOINSERTHISTORY')
-------------------------------

5:33:47 PM
Error :unsuccessful metadata update
ALTER TABLE AUTOINSERTHISTORY failed
violation of PRIMARY or UNIQUE KEY constraint "RDB$INDEX_15" on table "RDB$RELATION_FIELDS"
Problematic key value is ("RDB$FIELD_NAME" = 'MUXDATA', "RDB$RELATION_NAME" = 'AUTOINSERTHISTORY')
-------------------------------

5:33:48 PM
Error :Dynamic SQL Error
SQL error code = -104
Token unknown - line 1, column 105
BIGINT
-------------------------------

5:33:48 PM
Error :The parameter is incorrect. : 'D:\shorts\VLINE Southern Cross To Ballarat 180824 (shorts).mp4'
-------------------------------

5:33:48 PM
Error :Dynamic SQL Error
SQL error code = -204
Table unknown
PLANINGCUTS
At line 1, column 15
-------------------------------

5:33:48 PM
Error :An invalid connection string argument has been supplied or a required connection string argument has not been supplied.
-------------------------------

5:34:04 PM
Error :Could not find a part of the path 'E:\GoPro9\Raw\707 A62-A66 Operations Train To Kilmore 010723'.
-------------------------------

5:34:04 PM
Error :Could not find a part of the path 'e:\gopro9\raw\Metro Jordanville To Flinders Street 290623'.
-------------------------------

5:34:04 PM
Error :Could not find a part of the path 'E:\GoPro9\raw\VLINE Bendigo To Southern Cross 250723'.
-------------------------------

5:34:04 PM
Error :Could not find a part of the path 'E:\GoPro9\raw\VLINE Southern Cross To Bendigo 250723'.
-------------------------------

5:34:29 PM
Error :Could not find a part of the path 'E:\GoPro9\Raw\707 A62-A66 Operations Train To Kilmore 010723'.
-------------------------------

5:34:29 PM
Error :Could not find a part of the path 'e:\gopro9\raw\Metro Jordanville To Flinders Street 290623'.
-------------------------------

5:34:29 PM
Error :Could not find a part of the path 'E:\GoPro9\raw\VLINE Bendigo To Southern Cross 250723'.
-------------------------------

5:34:29 PM
Error :Could not find a part of the path 'E:\GoPro9\raw\VLINE Southern Cross To Bendigo 250723'.
-------------------------------

5:35:23 PM
Error :unsuccessful metadata update
ALTER TABLE AUTOINSERT failed
violation of PRIMARY or UNIQUE KEY constraint "RDB$INDEX_15" on table "RDB$RELATION_FIELDS"
Problematic key value is ("RDB$FIELD_NAME" = 'ISMUXED', "RDB$RELATION_NAME" = 'AUTOINSERT')
-------------------------------

5:35:23 PM
Error :unsuccessful metadata update
ALTER TABLE AUTOINSERT failed
violation of PRIMARY or UNIQUE KEY constraint "RDB$INDEX_15" on table "RDB$RELATION_FIELDS"
Problematic key value is ("RDB$FIELD_NAME" = 'MUXDATA', "RDB$RELATION_NAME" = 'AUTOINSERT')
-------------------------------

5:35:24 PM
Error :unsuccessful metadata update
ALTER TABLE AUTOINSERTHISTORY failed
violation of PRIMARY or UNIQUE KEY constraint "RDB$INDEX_15" on table "RDB$RELATION_FIELDS"
Problematic key value is ("RDB$FIELD_NAME" = 'ISMUXED', "RDB$RELATION_NAME" = 'AUTOINSERTHISTORY')
-------------------------------

5:35:24 PM
Error :unsuccessful metadata update
ALTER TABLE AUTOINSERTHISTORY failed
violation of PRIMARY or UNIQUE KEY constraint "RDB$INDEX_15" on table "RDB$RELATION_FIELDS"
Problematic key value is ("RDB$FIELD_NAME" = 'MUXDATA', "RDB$RELATION_NAME" = 'AUTOINSERTHISTORY')
-------------------------------

5:35:25 PM
Error :Dynamic SQL Error
SQL error code = -104
Token unknown - line 1, column 105
BIGINT
-------------------------------

5:35:25 PM
Error :The parameter is incorrect. : 'D:\shorts\VLINE Southern Cross To Ballarat 180824 (shorts).mp4'
-------------------------------

5:35:25 PM
Error :Dynamic SQL Error
SQL error code = -204
Table unknown
PLANINGCUTS
At line 1, column 15
-------------------------------

5:35:25 PM
Error :An invalid connection string argument has been supplied or a required connection string argument has not been supplied.
-------------------------------

5:35:29 PM
Error :Could not find a part of the path 'E:\GoPro9\Raw\707 A62-A66 Operations Train To Kilmore 010723'.
-------------------------------

5:35:30 PM
Error :Could not find a part of the path 'e:\gopro9\raw\Metro Jordanville To Flinders Street 290623'.
-------------------------------

5:35:30 PM
Error :Could not find a part of the path 'E:\GoPro9\raw\VLINE Bendigo To Southern Cross 250723'.
-------------------------------

5:35:30 PM
Error :Could not find a part of the path 'E:\GoPro9\raw\VLINE Southern Cross To Bendigo 250723'.
-------------------------------

5:35:57 PM
Error :Could not find a part of the path 'E:\GoPro9\Raw\707 A62-A66 Operations Train To Kilmore 010723'.
-------------------------------

5:35:57 PM
Error :Could not find a part of the path 'e:\gopro9\raw\Metro Jordanville To Flinders Street 290623'.
-------------------------------

5:35:57 PM
Error :Could not find a part of the path 'E:\GoPro9\raw\VLINE Bendigo To Southern Cross 250723'.
-------------------------------

5:35:57 PM
Error :Could not find a part of the path 'E:\GoPro9\raw\VLINE Southern Cross To Bendigo 250723'.
-------------------------------

5:36:57 PM
Error :Could not find a part of the path 'E:\GoPro9\Raw\707 A62-A66 Operations Train To Kilmore 010723'.
-------------------------------

5:36:57 PM
Error :Could not find a part of the path 'e:\gopro9\raw\Metro Jordanville To Flinders Street 290623'.
-------------------------------

5:36:58 PM
Error :Could not find a part of the path 'E:\GoPro9\raw\VLINE Bendigo To Southern Cross 250723'.
-------------------------------

5:36:58 PM
Error :Could not find a part of the path 'E:\GoPro9\raw\VLINE Southern Cross To Bendigo 250723'.
-------------------------------

5:43:00 PM
Error :unsuccessful metadata update
ALTER TABLE AUTOINSERT failed
violation of PRIMARY or UNIQUE KEY constraint "RDB$INDEX_15" on table "RDB$RELATION_FIELDS"
Problematic key value is ("RDB$FIELD_NAME" = 'ISMUXED', "RDB$RELATION_NAME" = 'AUTOINSERT')
-------------------------------

5:43:01 PM
Error :unsuccessful metadata update
ALTER TABLE AUTOINSERT failed
violation of PRIMARY or UNIQUE KEY constraint "RDB$INDEX_15" on table "RDB$RELATION_FIELDS"
Problematic key value is ("RDB$FIELD_NAME" = 'MUXDATA', "RDB$RELATION_NAME" = 'AUTOINSERT')
-------------------------------

5:43:01 PM
Error :unsuccessful metadata update
ALTER TABLE AUTOINSERTHISTORY failed
violation of PRIMARY or UNIQUE KEY constraint "RDB$INDEX_15" on table "RDB$RELATION_FIELDS"
Problematic key value is ("RDB$FIELD_NAME" = 'ISMUXED', "RDB$RELATION_NAME" = 'AUTOINSERTHISTORY')
-------------------------------

5:43:01 PM
Error :unsuccessful metadata update
ALTER TABLE AUTOINSERTHISTORY failed
violation of PRIMARY or UNIQUE KEY constraint "RDB$INDEX_15" on table "RDB$RELATION_FIELDS"
Problematic key value is ("RDB$FIELD_NAME" = 'MUXDATA', "RDB$RELATION_NAME" = 'AUTOINSERTHISTORY')
-------------------------------

5:43:02 PM
Error :Dynamic SQL Error
SQL error code = -104
Token unknown - line 1, column 105
BIGINT
-------------------------------

5:43:02 PM
Error :The parameter is incorrect. : 'D:\shorts\VLINE Southern Cross To Ballarat 180824 (shorts).mp4'
-------------------------------

5:43:02 PM
Error :Dynamic SQL Error
SQL error code = -204
Table unknown
PLANINGCUTS
At line 1, column 15
-------------------------------

5:43:03 PM
Error :An invalid connection string argument has been supplied or a required connection string argument has not been supplied.
-------------------------------

5:43:14 PM
Error :Could not find a part of the path 'E:\GoPro9\Raw\707 A62-A66 Operations Train To Kilmore 010723'.
-------------------------------

5:43:14 PM
Error :Could not find a part of the path 'e:\gopro9\raw\Metro Jordanville To Flinders Street 290623'.
-------------------------------

5:43:15 PM
Error :Could not find a part of the path 'E:\GoPro9\raw\VLINE Bendigo To Southern Cross 250723'.
-------------------------------

5:43:15 PM
Error :Could not find a part of the path 'E:\GoPro9\raw\VLINE Southern Cross To Bendigo 250723'.
-------------------------------

5:43:18 PM
Error :Could not find a part of the path 'E:\GoPro9\Raw\707 A62-A66 Operations Train To Kilmore 010723'.
-------------------------------

5:43:18 PM
Error :Could not find a part of the path 'e:\gopro9\raw\Metro Jordanville To Flinders Street 290623'.
-------------------------------

5:43:18 PM
Error :Could not find a part of the path 'E:\GoPro9\raw\VLINE Bendigo To Southern Cross 250723'.
-------------------------------

5:43:18 PM
Error :Could not find a part of the path 'E:\GoPro9\raw\VLINE Southern Cross To Bendigo 250723'.
-------------------------------

5:44:18 PM
Error :Could not find a part of the path 'E:\GoPro9\Raw\707 A62-A66 Operations Train To Kilmore 010723'.
-------------------------------

5:44:19 PM
Error :Could not find a part of the path 'e:\gopro9\raw\Metro Jordanville To Flinders Street 290623'.
-------------------------------

5:44:19 PM
Error :Could not find a part of the path 'E:\GoPro9\raw\VLINE Bendigo To Southern Cross 250723'.
-------------------------------

5:44:19 PM
Error :Could not find a part of the path 'E:\GoPro9\raw\VLINE Southern Cross To Bendigo 250723'.
-------------------------------

5:44:31 PM
Error :Second path fragment must not be a drive or UNC name. (Parameter 'expression')
-------------------------------

5:45:19 PM
Error :Could not find a part of the path 'E:\GoPro9\Raw\707 A62-A66 Operations Train To Kilmore 010723'.
-------------------------------

5:45:19 PM
Error :Could not find a part of the path 'e:\gopro9\raw\Metro Jordanville To Flinders Street 290623'.
-------------------------------

5:45:19 PM
Error :Could not find a part of the path 'E:\GoPro9\raw\VLINE Bendigo To Southern Cross 250723'.
-------------------------------

5:45:19 PM
Error :Could not find a part of the path 'E:\GoPro9\raw\VLINE Southern Cross To Bendigo 250723'.
-------------------------------

5:45:40 PM
Error :Could not find a part of the path 'E:\GoPro9\Raw\707 A62-A66 Operations Train To Kilmore 010723'.
-------------------------------

5:45:40 PM
Error :Could not find a part of the path 'e:\gopro9\raw\Metro Jordanville To Flinders Street 290623'.
-------------------------------

5:45:40 PM
Error :Could not find a part of the path 'E:\GoPro9\raw\VLINE Bendigo To Southern Cross 250723'.
-------------------------------

5:45:41 PM
Error :Could not find a part of the path 'E:\GoPro9\raw\VLINE Southern Cross To Bendigo 250723'.
-------------------------------

5:46:19 PM
Error :Could not find a part of the path 'E:\GoPro9\Raw\707 A62-A66 Operations Train To Kilmore 010723'.
-------------------------------

5:46:19 PM
Error :Could not find a part of the path 'e:\gopro9\raw\Metro Jordanville To Flinders Street 290623'.
-------------------------------

5:46:19 PM
Error :Could not find a part of the path 'E:\GoPro9\raw\VLINE Bendigo To Southern Cross 250723'.
-------------------------------

5:46:19 PM
Error :Could not find a part of the path 'E:\GoPro9\raw\VLINE Southern Cross To Bendigo 250723'.
-------------------------------

5:47:19 PM
Error :Could not find a part of the path 'E:\GoPro9\Raw\707 A62-A66 Operations Train To Kilmore 010723'.
-------------------------------

5:47:19 PM
Error :Could not find a part of the path 'e:\gopro9\raw\Metro Jordanville To Flinders Street 290623'.
-------------------------------

5:47:20 PM
Error :Could not find a part of the path 'E:\GoPro9\raw\VLINE Bendigo To Southern Cross 250723'.
-------------------------------

5:47:20 PM
Error :Could not find a part of the path 'E:\GoPro9\raw\VLINE Southern Cross To Bendigo 250723'.
-------------------------------

5:48:23 PM
Error :Could not find a part of the path 'E:\GoPro9\Raw\707 A62-A66 Operations Train To Kilmore 010723'.
-------------------------------

5:48:23 PM
Error :Could not find a part of the path 'e:\gopro9\raw\Metro Jordanville To Flinders Street 290623'.
-------------------------------

5:48:23 PM
Error :Could not find a part of the path 'E:\GoPro9\raw\VLINE Bendigo To Southern Cross 250723'.
-------------------------------

5:48:24 PM
Error :Could not find a part of the path 'E:\GoPro9\raw\VLINE Southern Cross To Bendigo 250723'.
-------------------------------

5:49:26 PM
Error :Could not find a part of the path 'E:\GoPro9\Raw\707 A62-A66 Operations Train To Kilmore 010723'.
-------------------------------

5:49:26 PM
Error :Could not find a part of the path 'e:\gopro9\raw\Metro Jordanville To Flinders Street 290623'.
-------------------------------

5:49:26 PM
Error :Could not find a part of the path 'E:\GoPro9\raw\VLINE Bendigo To Southern Cross 250723'.
-------------------------------

5:49:26 PM
Error :Could not find a part of the path 'E:\GoPro9\raw\VLINE Southern Cross To Bendigo 250723'.
-------------------------------

5:50:29 PM
Error :Could not find a part of the path 'E:\GoPro9\Raw\707 A62-A66 Operations Train To Kilmore 010723'.
-------------------------------

5:50:29 PM
Error :Could not find a part of the path 'e:\gopro9\raw\Metro Jordanville To Flinders Street 290623'.
-------------------------------

5:50:29 PM
Error :Could not find a part of the path 'E:\GoPro9\raw\VLINE Bendigo To Southern Cross 250723'.
-------------------------------

5:50:29 PM
Error :Could not find a part of the path 'E:\GoPro9\raw\VLINE Southern Cross To Bendigo 250723'.
-------------------------------

5:51:31 PM
Error :Could not find a part of the path 'E:\GoPro9\Raw\707 A62-A66 Operations Train To Kilmore 010723'.
-------------------------------

5:51:32 PM
Error :Could not find a part of the path 'e:\gopro9\raw\Metro Jordanville To Flinders Street 290623'.
-------------------------------

5:51:32 PM
Error :Could not find a part of the path 'E:\GoPro9\raw\VLINE Bendigo To Southern Cross 250723'.
-------------------------------

5:51:32 PM
Error :Could not find a part of the path 'E:\GoPro9\raw\VLINE Southern Cross To Bendigo 250723'.
-------------------------------

5:52:35 PM
Error :Could not find a part of the path 'E:\GoPro9\Raw\707 A62-A66 Operations Train To Kilmore 010723'.
-------------------------------

5:52:35 PM
Error :Could not find a part of the path 'e:\gopro9\raw\Metro Jordanville To Flinders Street 290623'.
-------------------------------

5:52:36 PM
Error :Could not find a part of the path 'E:\GoPro9\raw\VLINE Bendigo To Southern Cross 250723'.
-------------------------------

5:52:36 PM
Error :Could not find a part of the path 'E:\GoPro9\raw\VLINE Southern Cross To Bendigo 250723'.
-------------------------------

5:53:37 PM
Error :Could not find a part of the path 'E:\GoPro9\Raw\707 A62-A66 Operations Train To Kilmore 010723'.
-------------------------------

5:53:37 PM
Error :Could not find a part of the path 'e:\gopro9\raw\Metro Jordanville To Flinders Street 290623'.
-------------------------------

5:53:37 PM
Error :Could not find a part of the path 'E:\GoPro9\raw\VLINE Bendigo To Southern Cross 250723'.
-------------------------------

5:53:37 PM
Error :Could not find a part of the path 'E:\GoPro9\raw\VLINE Southern Cross To Bendigo 250723'.
-------------------------------

5:54:22 PM
Error :unsuccessful metadata update
ALTER TABLE AUTOINSERT failed
violation of PRIMARY or UNIQUE KEY constraint "RDB$INDEX_15" on table "RDB$RELATION_FIELDS"
Problematic key value is ("RDB$FIELD_NAME" = 'ISMUXED', "RDB$RELATION_NAME" = 'AUTOINSERT')
-------------------------------

5:54:23 PM
Error :unsuccessful metadata update
ALTER TABLE AUTOINSERT failed
violation of PRIMARY or UNIQUE KEY constraint "RDB$INDEX_15" on table "RDB$RELATION_FIELDS"
Problematic key value is ("RDB$FIELD_NAME" = 'MUXDATA', "RDB$RELATION_NAME" = 'AUTOINSERT')
-------------------------------

5:54:23 PM
Error :unsuccessful metadata update
ALTER TABLE AUTOINSERTHISTORY failed
violation of PRIMARY or UNIQUE KEY constraint "RDB$INDEX_15" on table "RDB$RELATION_FIELDS"
Problematic key value is ("RDB$FIELD_NAME" = 'ISMUXED', "RDB$RELATION_NAME" = 'AUTOINSERTHISTORY')
-------------------------------

5:54:23 PM
Error :unsuccessful metadata update
ALTER TABLE AUTOINSERTHISTORY failed
violation of PRIMARY or UNIQUE KEY constraint "RDB$INDEX_15" on table "RDB$RELATION_FIELDS"
Problematic key value is ("RDB$FIELD_NAME" = 'MUXDATA', "RDB$RELATION_NAME" = 'AUTOINSERTHISTORY')
-------------------------------

5:54:24 PM
Error :Dynamic SQL Error
SQL error code = -104
Token unknown - line 1, column 105
BIGINT
-------------------------------

5:54:24 PM
Error :The parameter is incorrect. : 'D:\shorts\VLINE Southern Cross To Ballarat 180824 (shorts).mp4'
-------------------------------

5:54:24 PM
Error :Dynamic SQL Error
SQL error code = -204
Table unknown
PLANINGCUTS
At line 1, column 15
-------------------------------

5:54:24 PM
Error :An invalid connection string argument has been supplied or a required connection string argument has not been supplied.
-------------------------------

5:54:27 PM
Error :Could not find a part of the path 'E:\GoPro9\Raw\707 A62-A66 Operations Train To Kilmore 010723'.
-------------------------------

5:54:27 PM
Error :Could not find a part of the path 'e:\gopro9\raw\Metro Jordanville To Flinders Street 290623'.
-------------------------------

5:54:27 PM
Error :Could not find a part of the path 'E:\GoPro9\raw\VLINE Bendigo To Southern Cross 250723'.
-------------------------------

5:54:27 PM
Error :Could not find a part of the path 'E:\GoPro9\raw\VLINE Southern Cross To Bendigo 250723'.
-------------------------------

5:54:40 PM
Error :Could not find a part of the path 'E:\GoPro9\Raw\707 A62-A66 Operations Train To Kilmore 010723'.
-------------------------------

5:54:40 PM
Error :Could not find a part of the path 'e:\gopro9\raw\Metro Jordanville To Flinders Street 290623'.
-------------------------------

5:54:40 PM
Error :Could not find a part of the path 'E:\GoPro9\raw\VLINE Bendigo To Southern Cross 250723'.
-------------------------------

5:54:40 PM
Error :Could not find a part of the path 'E:\GoPro9\raw\VLINE Southern Cross To Bendigo 250723'.
-------------------------------

5:55:41 PM
Error :Could not find a part of the path 'E:\GoPro9\Raw\707 A62-A66 Operations Train To Kilmore 010723'.
-------------------------------

5:55:41 PM
Error :Could not find a part of the path 'e:\gopro9\raw\Metro Jordanville To Flinders Street 290623'.
-------------------------------

5:55:41 PM
Error :Could not find a part of the path 'E:\GoPro9\raw\VLINE Bendigo To Southern Cross 250723'.
-------------------------------

5:55:41 PM
Error :Could not find a part of the path 'E:\GoPro9\raw\VLINE Southern Cross To Bendigo 250723'.
-------------------------------

5:56:45 PM
Error :Could not find a part of the path 'E:\GoPro9\Raw\707 A62-A66 Operations Train To Kilmore 010723'.
-------------------------------

5:56:45 PM
Error :Could not find a part of the path 'e:\gopro9\raw\Metro Jordanville To Flinders Street 290623'.
-------------------------------

5:56:45 PM
Error :Could not find a part of the path 'E:\GoPro9\raw\VLINE Bendigo To Southern Cross 250723'.
-------------------------------

5:56:45 PM
Error :Could not find a part of the path 'E:\GoPro9\raw\VLINE Southern Cross To Bendigo 250723'.
-------------------------------

5:57:48 PM
Error :Could not find a part of the path 'E:\GoPro9\Raw\707 A62-A66 Operations Train To Kilmore 010723'.
-------------------------------

5:57:48 PM
Error :Could not find a part of the path 'e:\gopro9\raw\Metro Jordanville To Flinders Street 290623'.
-------------------------------

5:57:48 PM
Error :Could not find a part of the path 'E:\GoPro9\raw\VLINE Bendigo To Southern Cross 250723'.
-------------------------------

5:57:48 PM
Error :Could not find a part of the path 'E:\GoPro9\raw\VLINE Southern Cross To Bendigo 250723'.
-------------------------------

5:58:49 PM
Error :Could not find a part of the path 'E:\GoPro9\Raw\707 A62-A66 Operations Train To Kilmore 010723'.
-------------------------------

5:58:49 PM
Error :Could not find a part of the path 'e:\gopro9\raw\Metro Jordanville To Flinders Street 290623'.
-------------------------------

5:58:49 PM
Error :Could not find a part of the path 'E:\GoPro9\raw\VLINE Bendigo To Southern Cross 250723'.
-------------------------------

5:58:49 PM
Error :Could not find a part of the path 'E:\GoPro9\raw\VLINE Southern Cross To Bendigo 250723'.
-------------------------------

5:59:51 PM
Error :Could not find a part of the path 'E:\GoPro9\Raw\707 A62-A66 Operations Train To Kilmore 010723'.
-------------------------------

5:59:51 PM
Error :Could not find a part of the path 'e:\gopro9\raw\Metro Jordanville To Flinders Street 290623'.
-------------------------------

5:59:51 PM
Error :Could not find a part of the path 'E:\GoPro9\raw\VLINE Bendigo To Southern Cross 250723'.
-------------------------------

5:59:51 PM
Error :Could not find a part of the path 'E:\GoPro9\raw\VLINE Southern Cross To Bendigo 250723'.
-------------------------------

6:01:20 PM
Error :unsuccessful metadata update
ALTER TABLE AUTOINSERT failed
violation of PRIMARY or UNIQUE KEY constraint "RDB$INDEX_15" on table "RDB$RELATION_FIELDS"
Problematic key value is ("RDB$FIELD_NAME" = 'ISMUXED', "RDB$RELATION_NAME" = 'AUTOINSERT')
-------------------------------

6:01:20 PM
Error :unsuccessful metadata update
ALTER TABLE AUTOINSERT failed
violation of PRIMARY or UNIQUE KEY constraint "RDB$INDEX_15" on table "RDB$RELATION_FIELDS"
Problematic key value is ("RDB$FIELD_NAME" = 'MUXDATA', "RDB$RELATION_NAME" = 'AUTOINSERT')
-------------------------------

6:01:21 PM
Error :unsuccessful metadata update
ALTER TABLE AUTOINSERTHISTORY failed
violation of PRIMARY or UNIQUE KEY constraint "RDB$INDEX_15" on table "RDB$RELATION_FIELDS"
Problematic key value is ("RDB$FIELD_NAME" = 'ISMUXED', "RDB$RELATION_NAME" = 'AUTOINSERTHISTORY')
-------------------------------

6:01:21 PM
Error :unsuccessful metadata update
ALTER TABLE AUTOINSERTHISTORY failed
violation of PRIMARY or UNIQUE KEY constraint "RDB$INDEX_15" on table "RDB$RELATION_FIELDS"
Problematic key value is ("RDB$FIELD_NAME" = 'MUXDATA', "RDB$RELATION_NAME" = 'AUTOINSERTHISTORY')
-------------------------------

6:01:22 PM
Error :Dynamic SQL Error
SQL error code = -104
Token unknown - line 1, column 105
BIGINT
-------------------------------

6:01:22 PM
Error :The parameter is incorrect. : 'D:\shorts\VLINE Southern Cross To Ballarat 180824 (shorts).mp4'
-------------------------------

6:01:22 PM
Error :Dynamic SQL Error
SQL error code = -204
Table unknown
PLANINGCUTS
At line 1, column 15
-------------------------------

6:01:22 PM
Error :An invalid connection string argument has been supplied or a required connection string argument has not been supplied.
-------------------------------

6:01:25 PM
Error :Could not find a part of the path 'E:\GoPro9\Raw\707 A62-A66 Operations Train To Kilmore 010723'.
-------------------------------

6:01:26 PM
Error :Could not find a part of the path 'e:\gopro9\raw\Metro Jordanville To Flinders Street 290623'.
-------------------------------

6:01:26 PM
Error :Could not find a part of the path 'E:\GoPro9\raw\VLINE Bendigo To Southern Cross 250723'.
-------------------------------

6:01:26 PM
Error :Could not find a part of the path 'E:\GoPro9\raw\VLINE Southern Cross To Bendigo 250723'.
-------------------------------

6:01:38 PM
Error :Could not find a part of the path 'E:\GoPro9\Raw\707 A62-A66 Operations Train To Kilmore 010723'.
-------------------------------

6:01:38 PM
Error :Could not find a part of the path 'e:\gopro9\raw\Metro Jordanville To Flinders Street 290623'.
-------------------------------

6:01:38 PM
Error :Could not find a part of the path 'E:\GoPro9\raw\VLINE Bendigo To Southern Cross 250723'.
-------------------------------

6:01:38 PM
Error :Could not find a part of the path 'E:\GoPro9\raw\VLINE Southern Cross To Bendigo 250723'.
-------------------------------

6:02:39 PM
Error :Could not find a part of the path 'E:\GoPro9\Raw\707 A62-A66 Operations Train To Kilmore 010723'.
-------------------------------

6:02:39 PM
Error :Could not find a part of the path 'e:\gopro9\raw\Metro Jordanville To Flinders Street 290623'.
-------------------------------

6:02:39 PM
Error :Could not find a part of the path 'E:\GoPro9\raw\VLINE Bendigo To Southern Cross 250723'.
-------------------------------

6:02:39 PM
Error :Could not find a part of the path 'E:\GoPro9\raw\VLINE Southern Cross To Bendigo 250723'.
-------------------------------
